{
  "stats": {
    "suites": 3,
    "tests": 18,
    "passes": 18,
    "pending": 0,
    "failures": 0,
    "start": "2022-03-09T06:25:12.441Z",
    "end": "2022-03-09T06:27:58.498Z",
    "duration": 137566,
    "testsRegistered": 18,
    "passPercent": 100,
    "pendingPercent": 0,
    "other": 0,
    "hasOther": false,
    "skipped": 0,
    "hasSkipped": false
  },
  "results": [
    {
      "uuid": "f1126ced-8439-417b-80c0-b682cb906bca",
      "title": "",
      "fullFile": "cypress/integration/flights-search.spec.js",
      "file": "cypress/integration/flights-search.spec.js",
      "beforeHooks": [],
      "afterHooks": [],
      "tests": [],
      "suites": [
        {
          "uuid": "edcf3fe3-a085-413f-ab69-3756b5cf7388",
          "title": "Flights search test suite",
          "fullFile": "",
          "file": "",
          "beforeHooks": [],
          "afterHooks": [],
          "tests": [
            {
              "title": "Test default selected tab",
              "fullTitle": "Flights search test suite Test default selected tab",
              "timedOut": null,
              "duration": 7804,
              "state": "passed",
              "speed": "medium",
              "pass": true,
              "fail": false,
              "pending": false,
              "context": null,
              "code": "_flightsSearch.default.lstMenu().filter('.active').should('have.text', 'Flights'); // another way\n// flightSearch.tabFlight().invoke('attr', 'class').should('include', 'active')\n// another way\n// cy.get('.list-one').children().each(e => {\n//     if (e.hasClass('cff-list-tab active')) {\n//         expect(e.text()).to.contain('Flights')\n//     }\n// })",
              "err": {},
              "uuid": "07ec05b1-70fe-4e48-a9bf-04910effd508",
              "parentUUID": "edcf3fe3-a085-413f-ab69-3756b5cf7388",
              "isHook": false,
              "skipped": false
            },
            {
              "title": "Test round trip and oneway options",
              "fullTitle": "Flights search test suite Test round trip and oneway options",
              "timedOut": null,
              "duration": 8138,
              "state": "passed",
              "speed": "medium",
              "pass": true,
              "fail": false,
              "pending": false,
              "context": null,
              "code": "_flightsSearch.default.rbtnRoundTrip().should('be.checked');\n_flightsSearch.default.rbtnOneWay().should('not.be.checked');\n_flightsSearch.default.lnkAdvSearch().click({\n  force: true\n}); // select one way\n\n_flightsSearch.default.rbtnOneWay().check({\n  force: true\n}).should('be.checked').and('be.enabled');\n_flightsSearch.default.tfReturnDate().should('not.be.visible').and('not.be.enabled');\n_flightsSearch.default.tfReturnFromCity().should('not.be.visible').and('be.enabled');\n_flightsSearch.default.tfReturnToCity().should('not.be.visible').and('be.enabled'); // select round trip\n\n_flightsSearch.default.rbtnRoundTrip().check({\n  force: true\n}).should('be.checked').and('be.enabled');\n_flightsSearch.default.tfReturnDate().should('be.visible').and('be.enabled');\n_flightsSearch.default.tfReturnFromCity().invoke('removeAttr', 'type').should('be.visible').and('be.enabled');\n_flightsSearch.default.tfReturnToCity().invoke('removeAttr', 'type').should('be.visible').and('be.enabled');",
              "err": {},
              "uuid": "93c5cb63-a584-4be7-8f75-9f413e9cec6c",
              "parentUUID": "edcf3fe3-a085-413f-ab69-3756b5cf7388",
              "isHook": false,
              "skipped": false
            },
            {
              "title": "Test unaccompanied minor",
              "fullTitle": "Flights search test suite Test unaccompanied minor",
              "timedOut": null,
              "duration": 10347,
              "state": "passed",
              "speed": "slow",
              "pass": true,
              "fail": false,
              "pending": false,
              "context": null,
              "code": "_flightsSearch.default.txtInfo().should('not.exist');\n_flightsSearch.default.lnkInfo().should('be.visible').click({\n  force: true\n});\n_flightsSearch.default.txtInfo().should('exist').and('contain', _flight.default.info).find('button').click();\n_flightsSearch.default.txtInfo().should('not.exist');",
              "err": {},
              "uuid": "d6183f28-e1c7-420d-931a-c67f9577a401",
              "parentUUID": "edcf3fe3-a085-413f-ab69-3756b5cf7388",
              "isHook": false,
              "skipped": false
            },
            {
              "title": "Test select passengers",
              "fullTitle": "Flights search test suite Test select passengers",
              "timedOut": null,
              "duration": 8409,
              "state": "passed",
              "speed": "medium",
              "pass": true,
              "fail": false,
              "pending": false,
              "context": null,
              "code": "cy.SelectPerson(_flight.default.person);",
              "err": {},
              "uuid": "ef6b436c-110e-411f-b76c-ba3c086f73f6",
              "parentUUID": "edcf3fe3-a085-413f-ab69-3756b5cf7388",
              "isHook": false,
              "skipped": false
            },
            {
              "title": "Test origin field",
              "fullTitle": "Flights search test suite Test origin field",
              "timedOut": null,
              "duration": 10065,
              "state": "passed",
              "speed": "slow",
              "pass": true,
              "fail": false,
              "pending": false,
              "context": null,
              "code": "_flightsSearch.default.tfFromCity().invoke('attr', 'placeholder', 'From City').should('have.attr', 'placeholder', 'From City').type(_flight.default.origin);\n_flightsSearch.default.menuAutoSuggest().each(e => expect(e.text()).to.contain(_flight.default.origin)).first().as('firstRow').type('{enter}');\n_flightsSearch.default.tfFromCity().invoke('val').then(v => {\n  cy.get('@firstRow').should('contain', v);\n});",
              "err": {},
              "uuid": "46aee2d5-42e6-4a0e-888b-6a21ece7b880",
              "parentUUID": "edcf3fe3-a085-413f-ab69-3756b5cf7388",
              "isHook": false,
              "skipped": false
            },
            {
              "title": "Test select airlines",
              "fullTitle": "Flights search test suite Test select airlines",
              "timedOut": null,
              "duration": 10837,
              "state": "passed",
              "speed": "slow",
              "pass": true,
              "fail": false,
              "pending": false,
              "context": null,
              "code": "_flightsSearch.default.lnkAdvSearch().click({\n  force: true\n});\n_flightsSearch.default.ddlSelectAirline().find('option').invoke('text').as('allOptions');\n_flightsSearch.default.ddlSelectAirline().select(_flight.default.airlines).find('option:selected').invoke('text').then(t => t.trim()).should('eq', _flight.default.airlines); // .then(t => expect(t.trim()).to.eq(data.airlines)) // another way\n\n_flightsSearch.default.ddlSelectAirline().children().invoke('text').then(act => {\n  cy.get('@allOptions').then(exp => expect(act).to.equal(exp));\n});",
              "err": {},
              "uuid": "4742da80-2740-437e-a73c-835a669e1761",
              "parentUUID": "edcf3fe3-a085-413f-ab69-3756b5cf7388",
              "isHook": false,
              "skipped": false
            },
            {
              "title": "Test empty text fields",
              "fullTitle": "Flights search test suite Test empty text fields",
              "timedOut": null,
              "duration": 6551,
              "state": "passed",
              "speed": "medium",
              "pass": true,
              "fail": false,
              "pending": false,
              "context": null,
              "code": "_flightsSearch.default.btnSearch().click();\n_flightsSearch.default.tfFromCity().should('have.css', 'border', '2px solid rgb(255, 0, 0)');\n_flightsSearch.default.tfToCity().should('have.css', 'border', '2px solid rgb(255, 0, 0)');",
              "err": {},
              "uuid": "2dc5014e-d8ee-4fb5-a42f-867825b026bd",
              "parentUUID": "edcf3fe3-a085-413f-ab69-3756b5cf7388",
              "isHook": false,
              "skipped": false
            }
          ],
          "suites": [],
          "passes": [
            "07ec05b1-70fe-4e48-a9bf-04910effd508",
            "93c5cb63-a584-4be7-8f75-9f413e9cec6c",
            "d6183f28-e1c7-420d-931a-c67f9577a401",
            "ef6b436c-110e-411f-b76c-ba3c086f73f6",
            "46aee2d5-42e6-4a0e-888b-6a21ece7b880",
            "4742da80-2740-437e-a73c-835a669e1761",
            "2dc5014e-d8ee-4fb5-a42f-867825b026bd"
          ],
          "failures": [],
          "pending": [],
          "skipped": [],
          "duration": 62151,
          "root": false,
          "rootEmpty": false,
          "_timeout": 2000
        }
      ],
      "passes": [],
      "failures": [],
      "pending": [],
      "skipped": [],
      "duration": 0,
      "root": true,
      "rootEmpty": true,
      "_timeout": 2000
    },
    {
      "uuid": "418534a7-f03b-4f82-b009-c0bb6cf6161b",
      "title": "",
      "fullFile": "cypress/integration/hotels-search.spec.js",
      "file": "cypress/integration/hotels-search.spec.js",
      "beforeHooks": [],
      "afterHooks": [],
      "tests": [],
      "suites": [
        {
          "uuid": "c2f85b1d-ea8e-4ba0-b969-01148f1b1594",
          "title": "Hotels search test suite",
          "fullFile": "",
          "file": "",
          "beforeHooks": [],
          "afterHooks": [],
          "tests": [
            {
              "title": "Test \"Your Destination\" auto-suggest",
              "fullTitle": "Hotels search test suite Test \"Your Destination\" auto-suggest",
              "timedOut": null,
              "duration": 13146,
              "state": "passed",
              "speed": "slow",
              "pass": true,
              "fail": false,
              "pending": false,
              "context": null,
              "code": "_hotelSearch.default.tfStayCity().type(_hotel.default.city);\ncy.document().then(d => {\n  d.querySelectorAll(_hotelSearch.default.lstCities()).forEach(e => expect(e.childNodes.item(1).nodeValue).to.contain(_hotel.default.city));\n});",
              "err": {},
              "uuid": "57316c3a-7bbb-4cbc-a4b7-887d573ae56b",
              "parentUUID": "c2f85b1d-ea8e-4ba0-b969-01148f1b1594",
              "isHook": false,
              "skipped": false
            },
            {
              "title": "Test default calendar values",
              "fullTitle": "Hotels search test suite Test default calendar values",
              "timedOut": null,
              "duration": 854,
              "state": "passed",
              "speed": "fast",
              "pass": true,
              "fail": false,
              "pending": false,
              "context": null,
              "code": "var dt = {\n  depart: null,\n  return: null\n};\n_hotelSearch.default.tfDepartDate().invoke('val').then(d => dt.depart = Date.parse(d));\n_hotelSearch.default.tfReturnDate().invoke('val').then(d => dt.return = Date.parse(d));\n_hotelSearch.default.elStartDate().then(e => {\n  cy.wrap(e).find('a').should('have.css', 'background-color', 'rgb(0, 93, 186)').invoke('text').then(day => Date.parse(`${e.attr('data-year')}-${Number(e.attr('data-month')) + 1}-${day}`)).should('eq', dt.depart);\n});\n_hotelSearch.default.elEndDate().then(e => {\n  cy.wrap(e).find('a').should('have.css', 'background-color', 'rgb(0, 93, 186)').invoke('text').then(day => Date.parse(`${e.attr('data-year')}-${Number(e.attr('data-month')) + 1}-${day}`)).should('eq', dt.return);\n});\n_hotelSearch.default.elBetweenDate().each(e => {\n  cy.wrap(e).find('a').should('have.css', 'background-color', 'rgba(0, 0, 0, 0)').invoke('text').then(day => Date.parse(`${e.attr('data-year')}-${Number(e.attr('data-month')) + 1}-${day}`)).should('be.above', dt.depart).and('be.below', dt.return);\n});",
              "err": {},
              "uuid": "6eb3cfaf-b3c2-49a9-8123-b1f3fed6510e",
              "parentUUID": "c2f85b1d-ea8e-4ba0-b969-01148f1b1594",
              "isHook": false,
              "skipped": false
            },
            {
              "title": "Test add and remove room",
              "fullTitle": "Hotels search test suite Test add and remove room",
              "timedOut": null,
              "duration": 1407,
              "state": "passed",
              "speed": "fast",
              "pass": true,
              "fail": false,
              "pending": false,
              "context": null,
              "code": "_hotelSearch.default.tfGuestForm().should('have.prop', 'placeholder', '1 Room, 2 Adults, 0 Child').click(); // add room\n\nCypress._.times(4, () => _hotelSearch.default.btnAddRoom().click({\n  force: true\n})); // method 1\n// const arrAdults = []\n// const arrChild = []\n// cy.get(\"[title='Select Adults'] option:selected\").each(e => arrAdults.push(Number(e.text())))\n// cy.wrap(arrAdults).then(v => v.reduce((acc, a) => acc + a), 0).as('totalAdults')\n// cy.get(\"[title='Select Child'] option:selected\").each(e => arrChild.push(Number(e.text())))\n// cy.wrap(arrChild).then(v => lodash.sum(v)).as('totalChildren')\n// method 2\n\n_hotelSearch.default.ddlSelectAdults().find(':selected').then(e => Cypress._.map(e.text(), Number)).then(n => Cypress._.sum(n)).as('totalAdults');\n_hotelSearch.default.ddlSelectChild().find(':selected').then(e => Cypress._.map(e.text(), Number)).then(n => Cypress._.sum(n)).as('totalChildren');\ncy.get('@totalAdults').then(ta => {\n  cy.get('@totalChildren').then(tc => {\n    _hotelSearch.default.tfGuestForm().should('have.value', `5 Rooms,${ta} Adults,${tc} Child`);\n  });\n}); // delete room\nCypress._.times(4, () => _hotelSearch.default.btnRemoveRoom().click({\n  force: true\n}));\n_hotelSearch.default.ddlSelectAdults().find(':selected').then(e => Cypress._.map(e.text(), Number)).then(n => Cypress._.sum(n)).as('totalAdults');\n_hotelSearch.default.ddlSelectChild().find(':selected').then(e => Cypress._.map(e.text(), Number)).then(n => Cypress._.sum(n)).as('totalChildren');\ncy.get('@totalAdults').then(ta => {\n  cy.get('@totalChildren').then(tc => {\n    _hotelSearch.default.tfGuestForm().should('have.value', `1 Room,${ta} Adults,${tc} Child`);\n  });\n});",
              "err": {},
              "uuid": "5677c661-37af-4ae0-b6e0-1a74ac307c4e",
              "parentUUID": "c2f85b1d-ea8e-4ba0-b969-01148f1b1594",
              "isHook": false,
              "skipped": false
            },
            {
              "title": "Test select guest",
              "fullTitle": "Hotels search test suite Test select guest",
              "timedOut": null,
              "duration": 2547,
              "state": "passed",
              "speed": "fast",
              "pass": true,
              "fail": false,
              "pending": false,
              "context": null,
              "code": "_hotelSearch.default.tfGuestForm().should('have.prop', 'placeholder', '1 Room, 2 Adults, 0 Child').click();\ncy.setGuest(_hotel.default.id, _hotel.default.room, _hotel.default.adult, _hotel.default.child);",
              "err": {},
              "uuid": "05fda12f-6345-4ff4-83b1-cd0f22422ace",
              "parentUUID": "c2f85b1d-ea8e-4ba0-b969-01148f1b1594",
              "isHook": false,
              "skipped": false
            },
            {
              "title": "Test select star rating",
              "fullTitle": "Hotels search test suite Test select star rating",
              "timedOut": null,
              "duration": 621,
              "state": "passed",
              "speed": "fast",
              "pass": true,
              "fail": false,
              "pending": false,
              "context": null,
              "code": "_hotelSearch.default.lnkAdvOption().click({\n  force: true\n});\n_hotelSearch.default.ddlStarRating().find('option:selected').should('contain.text', 'Star Rating');\n_hotelSearch.default.ddlStarRating().select('Five Star').find('option:selected').invoke('text').then(t => expect(t.trim()).to.eq('Five Star'));",
              "err": {},
              "uuid": "dc9c8e9e-8f85-4134-8e42-bcaa21fa43e1",
              "parentUUID": "c2f85b1d-ea8e-4ba0-b969-01148f1b1594",
              "isHook": false,
              "skipped": false
            }
          ],
          "suites": [],
          "passes": [
            "57316c3a-7bbb-4cbc-a4b7-887d573ae56b",
            "6eb3cfaf-b3c2-49a9-8123-b1f3fed6510e",
            "5677c661-37af-4ae0-b6e0-1a74ac307c4e",
            "05fda12f-6345-4ff4-83b1-cd0f22422ace",
            "dc9c8e9e-8f85-4134-8e42-bcaa21fa43e1"
          ],
          "failures": [],
          "pending": [],
          "skipped": [],
          "duration": 18575,
          "root": false,
          "rootEmpty": false,
          "_timeout": 2000
        }
      ],
      "passes": [],
      "failures": [],
      "pending": [],
      "skipped": [],
      "duration": 0,
      "root": true,
      "rootEmpty": true,
      "_timeout": 2000
    },
    {
      "uuid": "98a695c5-4172-44b0-afa3-029d5728851b",
      "title": "",
      "fullFile": "cypress/integration/car-search.spec.js",
      "file": "cypress/integration/car-search.spec.js",
      "beforeHooks": [],
      "afterHooks": [],
      "tests": [],
      "suites": [
        {
          "uuid": "9e1b5f3e-0373-4edf-b9fb-76f30273bc4a",
          "title": "Car search test suite",
          "fullFile": "",
          "file": "",
          "beforeHooks": [],
          "afterHooks": [],
          "tests": [
            {
              "title": "Test default selected arrival and departure time",
              "fullTitle": "Car search test suite Test default selected arrival and departure time",
              "timedOut": null,
              "duration": 10084,
              "state": "passed",
              "speed": "slow",
              "pass": true,
              "fail": false,
              "pending": false,
              "context": null,
              "code": "_carSearch.default.ddlPickTime().find('option:selected').invoke('val').should('eq', '10:00');\n_carSearch.default.ddlDropTime().find('option:selected').invoke('val').should('eq', '10:00');",
              "err": {},
              "uuid": "84e41aea-d297-4ee8-a5e9-5edec6d90453",
              "parentUUID": "9e1b5f3e-0373-4edf-b9fb-76f30273bc4a",
              "isHook": false,
              "skipped": false
            },
            {
              "title": "Test select driver age",
              "fullTitle": "Car search test suite Test select driver age",
              "timedOut": null,
              "duration": 12931,
              "state": "passed",
              "speed": "slow",
              "pass": true,
              "fail": false,
              "pending": false,
              "context": null,
              "code": "_carSearch.default.tabCar().click();\n_carSearch.default.ddlDriverAge().as('driverAge').find('option:selected').should('have.text', 'Between 30 - 65?');\n_carSearch.default.ddlDriverAge().select('Below 30').find(':selected').should('have.text', 'Below 30');\n_carSearch.default.txtTooltip() // .as('tooltip')\n.should('have.text', 'Additional Fee may apply for driver under 30 Yrs or above 65 Yrs old, at the time of rental. Please check term and conditions on payment page.').and('not.be.visible').parent().invoke('css', 'display', 'inherit') // .invoke('attr', 'style', 'display:inherit')\n.children('p') // .get('@tooltip')\n.should('be.visible');",
              "err": {},
              "uuid": "ba6fd607-920c-4c1b-be9b-251456d8ee1e",
              "parentUUID": "9e1b5f3e-0373-4edf-b9fb-76f30273bc4a",
              "isHook": false,
              "skipped": false
            },
            {
              "title": "Test get vendor type",
              "fullTitle": "Car search test suite Test get vendor type",
              "timedOut": null,
              "duration": 8992,
              "state": "passed",
              "speed": "medium",
              "pass": true,
              "fail": false,
              "pending": false,
              "context": null,
              "code": "const objData = {};\nobjData['vendorCode'] = [];\n_carSearch.default.tabCar().click();\n_carSearch.default.lnkAdvOption().click({\n  force: true\n});\n_carSearch.default.ddlVendorCode().find(':selected').should('have.text', 'Car Company');\n_carSearch.default.ddlVendorCode().find('option').should('have.length.gt', 0).each(e => objData['vendorCode'].push(e.text()));\ncy.writeFile('data.json', objData);",
              "err": {},
              "uuid": "815a187c-815a-4280-86d1-fa4d39ed4f1a",
              "parentUUID": "9e1b5f3e-0373-4edf-b9fb-76f30273bc4a",
              "isHook": false,
              "skipped": false
            },
            {
              "title": "Test get vehicle type",
              "fullTitle": "Car search test suite Test get vehicle type",
              "timedOut": null,
              "duration": 8901,
              "state": "passed",
              "speed": "medium",
              "pass": true,
              "fail": false,
              "pending": false,
              "context": null,
              "code": "const objData = {};\nobjData['vehicleType'] = [];\n_carSearch.default.tabCar().click();\n_carSearch.default.lnkAdvOption().click({\n  force: true\n});\n_carSearch.default.ddlVehicleType().find(':selected').should('have.text', 'Car Type');\n_carSearch.default.ddlVehicleType().find('option').should('have.length.gt', 0).each(e => objData['vehicleType'].push(e.text()));\ncy.writeFile('data.json', objData);",
              "err": {},
              "uuid": "6b23c8ea-c7da-48bb-8d58-6e48c48728ff",
              "parentUUID": "9e1b5f3e-0373-4edf-b9fb-76f30273bc4a",
              "isHook": false,
              "skipped": false
            },
            {
              "title": "Test vendor code options",
              "fullTitle": "Car search test suite Test vendor code options",
              "timedOut": null,
              "duration": 8243,
              "state": "passed",
              "speed": "medium",
              "pass": true,
              "fail": false,
              "pending": false,
              "context": null,
              "code": "const arrRes = [];\n_carSearch.default.ddlVendorCode().find('option').each(e => arrRes.push(e.text()));\ncy.wrap(arrRes).should('deep.equal', _car.default.vendorCode);",
              "err": {},
              "uuid": "c87fc0ca-968c-42d4-8c1b-67ff4d0bbab8",
              "parentUUID": "9e1b5f3e-0373-4edf-b9fb-76f30273bc4a",
              "isHook": false,
              "skipped": false
            },
            {
              "title": "Test vehicle type options",
              "fullTitle": "Car search test suite Test vehicle type options",
              "timedOut": null,
              "duration": 7689,
              "state": "passed",
              "speed": "medium",
              "pass": true,
              "fail": false,
              "pending": false,
              "context": null,
              "code": "const arrRes = [];\n_carSearch.default.ddlVehicleType().find('option').each(e => cy.wrap(e).invoke('text').then(t => arrRes.push(t)));\ncy.wrap(arrRes).should('deep.equal', _car.default.vehicleType);",
              "err": {},
              "uuid": "851785c3-6e47-43ac-a1c4-358e956498fd",
              "parentUUID": "9e1b5f3e-0373-4edf-b9fb-76f30273bc4a",
              "isHook": false,
              "skipped": false
            }
          ],
          "suites": [],
          "passes": [
            "84e41aea-d297-4ee8-a5e9-5edec6d90453",
            "ba6fd607-920c-4c1b-be9b-251456d8ee1e",
            "815a187c-815a-4280-86d1-fa4d39ed4f1a",
            "6b23c8ea-c7da-48bb-8d58-6e48c48728ff",
            "c87fc0ca-968c-42d4-8c1b-67ff4d0bbab8",
            "851785c3-6e47-43ac-a1c4-358e956498fd"
          ],
          "failures": [],
          "pending": [],
          "skipped": [],
          "duration": 56840,
          "root": false,
          "rootEmpty": false,
          "_timeout": 2000
        }
      ],
      "passes": [],
      "failures": [],
      "pending": [],
      "skipped": [],
      "duration": 0,
      "root": true,
      "rootEmpty": true,
      "_timeout": 2000
    }
  ],
  "meta": {
    "mocha": {
      "version": "7.0.1"
    },
    "mochawesome": {
      "options": {
        "quiet": false,
        "reportFilename": "mochawesome",
        "saveHtml": false,
        "saveJson": true,
        "consoleReporter": "spec",
        "useInlineDiffs": false,
        "code": true
      },
      "version": "7.1.2"
    },
    "marge": {
      "options": {
        "id": "default",
        "reportDir": "cypress/results/mochawesome",
        "quite": true,
        "overwrite": false,
        "html": false,
        "json": true
      },
      "version": "6.1.1"
    }
  }
}