{
  "stats": {
    "suites": 3,
    "tests": 18,
    "passes": 18,
    "pending": 0,
    "failures": 0,
    "start": "2022-03-09T13:56:38.428Z",
    "end": "2022-03-09T14:00:42.133Z",
    "duration": 169428,
    "testsRegistered": 18,
    "passPercent": 100,
    "pendingPercent": 0,
    "other": 0,
    "hasOther": false,
    "skipped": 0,
    "hasSkipped": false
  },
  "results": [
    {
      "uuid": "f5e5f31b-c4a7-4d2c-a0e6-24f497ee8ce8",
      "title": "",
      "fullFile": "cypress/integration/flights-search.spec.js",
      "file": "cypress/integration/flights-search.spec.js",
      "beforeHooks": [],
      "afterHooks": [],
      "tests": [],
      "suites": [
        {
          "uuid": "800ac8fb-7ea3-4c10-8d91-52ce055752e0",
          "title": "Flights search test suite",
          "fullFile": "",
          "file": "",
          "beforeHooks": [],
          "afterHooks": [],
          "tests": [
            {
              "title": "Test default selected tab",
              "fullTitle": "Flights search test suite Test default selected tab",
              "timedOut": null,
              "duration": 10250,
              "state": "passed",
              "speed": "slow",
              "pass": true,
              "fail": false,
              "pending": false,
              "context": "\"videos/flights-search.spec.js.mp4\"",
              "code": "_flightsSearch.default.lstMenu().filter('.active').should('have.text', 'Flights'); // another way\n// flightSearch.tabFlight().invoke('attr', 'class').should('include', 'active')\n// another way\n// cy.get('.list-one').children().each(e => {\n//     if (e.hasClass('cff-list-tab active')) {\n//         expect(e.text()).to.contain('Flights')\n//     }\n// })",
              "err": {},
              "uuid": "965dd237-9b9e-47f9-adba-764e079cf048",
              "parentUUID": "800ac8fb-7ea3-4c10-8d91-52ce055752e0",
              "isHook": false,
              "skipped": false
            },
            {
              "title": "Test round trip and oneway options",
              "fullTitle": "Flights search test suite Test round trip and oneway options",
              "timedOut": null,
              "duration": 10544,
              "state": "passed",
              "speed": "slow",
              "pass": true,
              "fail": false,
              "pending": false,
              "context": "\"videos/flights-search.spec.js.mp4\"",
              "code": "_flightsSearch.default.rbtnRoundTrip().should('be.checked');\n_flightsSearch.default.rbtnOneWay().should('not.be.checked');\n_flightsSearch.default.lnkAdvSearch().click({\n  force: true\n}); // select one way\n\n_flightsSearch.default.rbtnOneWay().check({\n  force: true\n}).should('be.checked').and('be.enabled');\n_flightsSearch.default.tfReturnDate().should('not.be.visible').and('not.be.enabled');\n_flightsSearch.default.tfReturnFromCity().should('not.be.visible').and('be.enabled');\n_flightsSearch.default.tfReturnToCity().should('not.be.visible').and('be.enabled'); // select round trip\n\n_flightsSearch.default.rbtnRoundTrip().check({\n  force: true\n}).should('be.checked').and('be.enabled');\n_flightsSearch.default.tfReturnDate().should('be.visible').and('be.enabled');\n_flightsSearch.default.tfReturnFromCity().invoke('removeAttr', 'type').should('be.visible').and('be.enabled');\n_flightsSearch.default.tfReturnToCity().invoke('removeAttr', 'type').should('be.visible').and('be.enabled');",
              "err": {},
              "uuid": "17348a92-98b4-4660-a935-ed5dacbe8e1f",
              "parentUUID": "800ac8fb-7ea3-4c10-8d91-52ce055752e0",
              "isHook": false,
              "skipped": false
            },
            {
              "title": "Test unaccompanied minor",
              "fullTitle": "Flights search test suite Test unaccompanied minor",
              "timedOut": null,
              "duration": 12034,
              "state": "passed",
              "speed": "slow",
              "pass": true,
              "fail": false,
              "pending": false,
              "context": "\"videos/flights-search.spec.js.mp4\"",
              "code": "_flightsSearch.default.txtInfo().should('not.exist');\n_flightsSearch.default.lnkInfo().should('be.visible').click({\n  force: true\n});\n_flightsSearch.default.txtInfo().should('exist').and('contain', _flight.default.info).find('button').click();\n_flightsSearch.default.txtInfo().should('not.exist');",
              "err": {},
              "uuid": "6d034efd-dcc7-4e13-b274-1603e554c99d",
              "parentUUID": "800ac8fb-7ea3-4c10-8d91-52ce055752e0",
              "isHook": false,
              "skipped": false
            },
            {
              "title": "Test select passengers",
              "fullTitle": "Flights search test suite Test select passengers",
              "timedOut": null,
              "duration": 12502,
              "state": "passed",
              "speed": "slow",
              "pass": true,
              "fail": false,
              "pending": false,
              "context": "\"videos/flights-search.spec.js.mp4\"",
              "code": "cy.SelectPerson(_flight.default.person);",
              "err": {},
              "uuid": "ac2539e0-0feb-4773-9961-40ba6f76b1b2",
              "parentUUID": "800ac8fb-7ea3-4c10-8d91-52ce055752e0",
              "isHook": false,
              "skipped": false
            },
            {
              "title": "Test origin field",
              "fullTitle": "Flights search test suite Test origin field",
              "timedOut": null,
              "duration": 10191,
              "state": "passed",
              "speed": "slow",
              "pass": true,
              "fail": false,
              "pending": false,
              "context": "\"videos/flights-search.spec.js.mp4\"",
              "code": "_flightsSearch.default.tfFromCity().invoke('attr', 'placeholder', 'From City').should('have.attr', 'placeholder', 'From City').type(_flight.default.origin);\n_flightsSearch.default.menuAutoSuggest().each(e => expect(e.text()).to.contain(_flight.default.origin)).first().as('firstRow').type('{enter}');\n_flightsSearch.default.tfFromCity().invoke('val').then(v => {\n  cy.get('@firstRow').should('contain', v);\n});",
              "err": {},
              "uuid": "677a66cd-f768-44b5-9095-601cee5e9d13",
              "parentUUID": "800ac8fb-7ea3-4c10-8d91-52ce055752e0",
              "isHook": false,
              "skipped": false
            },
            {
              "title": "Test select airlines",
              "fullTitle": "Flights search test suite Test select airlines",
              "timedOut": null,
              "duration": 29579,
              "state": "passed",
              "speed": "slow",
              "pass": true,
              "fail": false,
              "pending": false,
              "context": "\"videos/flights-search.spec.js.mp4\"",
              "code": "_flightsSearch.default.lnkAdvSearch().click({\n  force: true\n});\n_flightsSearch.default.ddlSelectAirline().find('option').invoke('text').as('allOptions');\n_flightsSearch.default.ddlSelectAirline().select(_flight.default.airlines).find('option:selected').invoke('text').then(t => t.trim()).should('eq', _flight.default.airlines); // .then(t => expect(t.trim()).to.eq(data.airlines)) // another way\n\n_flightsSearch.default.ddlSelectAirline().children().invoke('text').then(act => {\n  cy.get('@allOptions').then(exp => expect(act).to.equal(exp));\n});",
              "err": {},
              "uuid": "1de983ec-b36f-4601-a722-cd1b5b9c6d8d",
              "parentUUID": "800ac8fb-7ea3-4c10-8d91-52ce055752e0",
              "isHook": false,
              "skipped": false
            },
            {
              "title": "Test empty text fields",
              "fullTitle": "Flights search test suite Test empty text fields",
              "timedOut": null,
              "duration": 11381,
              "state": "passed",
              "speed": "slow",
              "pass": true,
              "fail": false,
              "pending": false,
              "context": "\"videos/flights-search.spec.js.mp4\"",
              "code": "_flightsSearch.default.btnSearch().click();\n_flightsSearch.default.tfFromCity().should('have.css', 'border', '2px solid rgb(255, 0, 0)');\n_flightsSearch.default.tfToCity().should('have.css', 'border', '2px solid rgb(255, 0, 0)');",
              "err": {},
              "uuid": "c9620c0e-a998-417d-b455-28f610394b5a",
              "parentUUID": "800ac8fb-7ea3-4c10-8d91-52ce055752e0",
              "isHook": false,
              "skipped": false
            }
          ],
          "suites": [],
          "passes": [
            "965dd237-9b9e-47f9-adba-764e079cf048",
            "17348a92-98b4-4660-a935-ed5dacbe8e1f",
            "6d034efd-dcc7-4e13-b274-1603e554c99d",
            "ac2539e0-0feb-4773-9961-40ba6f76b1b2",
            "677a66cd-f768-44b5-9095-601cee5e9d13",
            "1de983ec-b36f-4601-a722-cd1b5b9c6d8d",
            "c9620c0e-a998-417d-b455-28f610394b5a"
          ],
          "failures": [],
          "pending": [],
          "skipped": [],
          "duration": 96481,
          "root": false,
          "rootEmpty": false,
          "_timeout": 2000
        }
      ],
      "passes": [],
      "failures": [],
      "pending": [],
      "skipped": [],
      "duration": 0,
      "root": true,
      "rootEmpty": true,
      "_timeout": 2000
    },
    {
      "uuid": "afc4c576-db7d-4c58-a956-7c57f51ac98c",
      "title": "",
      "fullFile": "cypress/integration/hotels-search.spec.js",
      "file": "cypress/integration/hotels-search.spec.js",
      "beforeHooks": [],
      "afterHooks": [],
      "tests": [],
      "suites": [
        {
          "uuid": "b8663cae-bbcb-4256-93ce-abe760512f88",
          "title": "Hotels search test suite",
          "fullFile": "",
          "file": "",
          "beforeHooks": [],
          "afterHooks": [],
          "tests": [
            {
              "title": "Test \"Your Destination\" auto-suggest",
              "fullTitle": "Hotels search test suite Test \"Your Destination\" auto-suggest",
              "timedOut": null,
              "duration": 9627,
              "state": "passed",
              "speed": "medium",
              "pass": true,
              "fail": false,
              "pending": false,
              "context": "\"videos/hotels-search.spec.js.mp4\"",
              "code": "_hotelSearch.default.tfStayCity().type(_hotel.default.city);\ncy.document().then(d => {\n  d.querySelectorAll(_hotelSearch.default.lstCities()).forEach(e => expect(e.childNodes.item(1).nodeValue).to.contain(_hotel.default.city));\n});",
              "err": {},
              "uuid": "dec9de12-93ad-42d5-9718-b1b44fa82528",
              "parentUUID": "b8663cae-bbcb-4256-93ce-abe760512f88",
              "isHook": false,
              "skipped": false
            },
            {
              "title": "Test default calendar values",
              "fullTitle": "Hotels search test suite Test default calendar values",
              "timedOut": null,
              "duration": 591,
              "state": "passed",
              "speed": "fast",
              "pass": true,
              "fail": false,
              "pending": false,
              "context": "\"videos/hotels-search.spec.js.mp4\"",
              "code": "var dt = {\n  depart: null,\n  return: null\n};\n_hotelSearch.default.tfDepartDate().invoke('val').then(d => dt.depart = Date.parse(d));\n_hotelSearch.default.tfReturnDate().invoke('val').then(d => dt.return = Date.parse(d));\n_hotelSearch.default.elStartDate().then(e => {\n  cy.wrap(e).find('a').should('have.css', 'background-color', 'rgb(0, 93, 186)').invoke('text').then(day => Date.parse(`${e.attr('data-year')}-${Number(e.attr('data-month')) + 1}-${day}`)).should('eq', dt.depart);\n});\n_hotelSearch.default.elEndDate().then(e => {\n  cy.wrap(e).find('a').should('have.css', 'background-color', 'rgb(0, 93, 186)').invoke('text').then(day => Date.parse(`${e.attr('data-year')}-${Number(e.attr('data-month')) + 1}-${day}`)).should('eq', dt.return);\n});\n_hotelSearch.default.elBetweenDate().each(e => {\n  cy.wrap(e).find('a').should('have.css', 'background-color', 'rgba(0, 0, 0, 0)').invoke('text').then(day => Date.parse(`${e.attr('data-year')}-${Number(e.attr('data-month')) + 1}-${day}`)).should('be.above', dt.depart).and('be.below', dt.return);\n});",
              "err": {},
              "uuid": "2be74489-747e-4164-83e9-9395e769ef44",
              "parentUUID": "b8663cae-bbcb-4256-93ce-abe760512f88",
              "isHook": false,
              "skipped": false
            },
            {
              "title": "Test add and remove room",
              "fullTitle": "Hotels search test suite Test add and remove room",
              "timedOut": null,
              "duration": 1015,
              "state": "passed",
              "speed": "fast",
              "pass": true,
              "fail": false,
              "pending": false,
              "context": "\"videos/hotels-search.spec.js.mp4\"",
              "code": "_hotelSearch.default.tfGuestForm().should('have.prop', 'placeholder', '1 Room, 2 Adults, 0 Child').click(); // add room\n\nCypress._.times(4, () => _hotelSearch.default.btnAddRoom().click({\n  force: true\n})); // method 1\n// const arrAdults = []\n// const arrChild = []\n// cy.get(\"[title='Select Adults'] option:selected\").each(e => arrAdults.push(Number(e.text())))\n// cy.wrap(arrAdults).then(v => v.reduce((acc, a) => acc + a), 0).as('totalAdults')\n// cy.get(\"[title='Select Child'] option:selected\").each(e => arrChild.push(Number(e.text())))\n// cy.wrap(arrChild).then(v => lodash.sum(v)).as('totalChildren')\n// method 2\n\n_hotelSearch.default.ddlSelectAdults().find(':selected').then(e => Cypress._.map(e.text(), Number)).then(n => Cypress._.sum(n)).as('totalAdults');\n_hotelSearch.default.ddlSelectChild().find(':selected').then(e => Cypress._.map(e.text(), Number)).then(n => Cypress._.sum(n)).as('totalChildren');\ncy.get('@totalAdults').then(ta => {\n  cy.get('@totalChildren').then(tc => {\n    _hotelSearch.default.tfGuestForm().should('have.value', `5 Rooms,${ta} Adults,${tc} Child`);\n  });\n}); // delete room\nCypress._.times(4, () => _hotelSearch.default.btnRemoveRoom().click({\n  force: true\n}));\n_hotelSearch.default.ddlSelectAdults().find(':selected').then(e => Cypress._.map(e.text(), Number)).then(n => Cypress._.sum(n)).as('totalAdults');\n_hotelSearch.default.ddlSelectChild().find(':selected').then(e => Cypress._.map(e.text(), Number)).then(n => Cypress._.sum(n)).as('totalChildren');\ncy.get('@totalAdults').then(ta => {\n  cy.get('@totalChildren').then(tc => {\n    _hotelSearch.default.tfGuestForm().should('have.value', `1 Room,${ta} Adults,${tc} Child`);\n  });\n});",
              "err": {},
              "uuid": "9d98023a-9f74-46e1-92dd-ef4d7bdb259f",
              "parentUUID": "b8663cae-bbcb-4256-93ce-abe760512f88",
              "isHook": false,
              "skipped": false
            },
            {
              "title": "Test select guest",
              "fullTitle": "Hotels search test suite Test select guest",
              "timedOut": null,
              "duration": 2396,
              "state": "passed",
              "speed": "fast",
              "pass": true,
              "fail": false,
              "pending": false,
              "context": "\"videos/hotels-search.spec.js.mp4\"",
              "code": "_hotelSearch.default.tfGuestForm().should('have.prop', 'placeholder', '1 Room, 2 Adults, 0 Child').click();\ncy.setGuest(_hotel.default.id, _hotel.default.room, _hotel.default.adult, _hotel.default.child);",
              "err": {},
              "uuid": "c7cd4af3-64aa-4a21-90c3-72be6a3ab6bd",
              "parentUUID": "b8663cae-bbcb-4256-93ce-abe760512f88",
              "isHook": false,
              "skipped": false
            },
            {
              "title": "Test select star rating",
              "fullTitle": "Hotels search test suite Test select star rating",
              "timedOut": null,
              "duration": 797,
              "state": "passed",
              "speed": "fast",
              "pass": true,
              "fail": false,
              "pending": false,
              "context": "\"videos/hotels-search.spec.js.mp4\"",
              "code": "_hotelSearch.default.lnkAdvOption().click({\n  force: true\n});\n_hotelSearch.default.ddlStarRating().find('option:selected').should('contain.text', 'Star Rating');\n_hotelSearch.default.ddlStarRating().select('Five Star').find('option:selected').invoke('text').then(t => expect(t.trim()).to.eq('Five Star'));",
              "err": {},
              "uuid": "f2b3cf19-c2d6-45ec-a4de-ec6b01d1d1f3",
              "parentUUID": "b8663cae-bbcb-4256-93ce-abe760512f88",
              "isHook": false,
              "skipped": false
            }
          ],
          "suites": [],
          "passes": [
            "dec9de12-93ad-42d5-9718-b1b44fa82528",
            "2be74489-747e-4164-83e9-9395e769ef44",
            "9d98023a-9f74-46e1-92dd-ef4d7bdb259f",
            "c7cd4af3-64aa-4a21-90c3-72be6a3ab6bd",
            "f2b3cf19-c2d6-45ec-a4de-ec6b01d1d1f3"
          ],
          "failures": [],
          "pending": [],
          "skipped": [],
          "duration": 14426,
          "root": false,
          "rootEmpty": false,
          "_timeout": 2000
        }
      ],
      "passes": [],
      "failures": [],
      "pending": [],
      "skipped": [],
      "duration": 0,
      "root": true,
      "rootEmpty": true,
      "_timeout": 2000
    },
    {
      "uuid": "919d6faf-35ba-440e-a5eb-d1fa846e81dc",
      "title": "",
      "fullFile": "cypress/integration/car-search.spec.js",
      "file": "cypress/integration/car-search.spec.js",
      "beforeHooks": [],
      "afterHooks": [],
      "tests": [],
      "suites": [
        {
          "uuid": "331f8d37-4f0a-4e43-9c80-85b756d015f2",
          "title": "Car search test suite",
          "fullFile": "",
          "file": "",
          "beforeHooks": [],
          "afterHooks": [],
          "tests": [
            {
              "title": "Test default selected arrival and departure time",
              "fullTitle": "Car search test suite Test default selected arrival and departure time",
              "timedOut": null,
              "duration": 15076,
              "state": "passed",
              "speed": "slow",
              "pass": true,
              "fail": false,
              "pending": false,
              "context": "\"videos/car-search.spec.js.mp4\"",
              "code": "_carSearch.default.ddlPickTime().find('option:selected').invoke('val').should('eq', '10:00');\n_carSearch.default.ddlDropTime().find('option:selected').invoke('val').should('eq', '10:00');",
              "err": {},
              "uuid": "c11ea85e-823a-41d0-82cd-0ad7a8cc6039",
              "parentUUID": "331f8d37-4f0a-4e43-9c80-85b756d015f2",
              "isHook": false,
              "skipped": false
            },
            {
              "title": "Test select driver age",
              "fullTitle": "Car search test suite Test select driver age",
              "timedOut": null,
              "duration": 8881,
              "state": "passed",
              "speed": "medium",
              "pass": true,
              "fail": false,
              "pending": false,
              "context": "\"videos/car-search.spec.js.mp4\"",
              "code": "_carSearch.default.tabCar().click();\n_carSearch.default.ddlDriverAge().as('driverAge').find('option:selected').should('have.text', 'Between 30 - 65?');\n_carSearch.default.ddlDriverAge().select('Below 30').find(':selected').should('have.text', 'Below 30');\n_carSearch.default.txtTooltip() // .as('tooltip')\n.should('have.text', 'Additional Fee may apply for driver under 30 Yrs or above 65 Yrs old, at the time of rental. Please check term and conditions on payment page.').and('not.be.visible').parent().invoke('css', 'display', 'inherit') // .invoke('attr', 'style', 'display:inherit')\n.children('p') // .get('@tooltip')\n.should('be.visible');",
              "err": {},
              "uuid": "d6fbece3-7a62-40d0-b32f-31b07700d428",
              "parentUUID": "331f8d37-4f0a-4e43-9c80-85b756d015f2",
              "isHook": false,
              "skipped": false
            },
            {
              "title": "Test get vendor type",
              "fullTitle": "Car search test suite Test get vendor type",
              "timedOut": null,
              "duration": 9736,
              "state": "passed",
              "speed": "medium",
              "pass": true,
              "fail": false,
              "pending": false,
              "context": "\"videos/car-search.spec.js.mp4\"",
              "code": "const objData = {};\nobjData['vendorCode'] = [];\n_carSearch.default.tabCar().click();\n_carSearch.default.lnkAdvOption().click({\n  force: true\n});\n_carSearch.default.ddlVendorCode().find(':selected').should('have.text', 'Car Company');\n_carSearch.default.ddlVendorCode().find('option').should('have.length.gt', 0).each(e => objData['vendorCode'].push(e.text()));\ncy.writeFile('data.json', objData);",
              "err": {},
              "uuid": "6cf97daa-a527-48b4-8a8a-f97ab5669a36",
              "parentUUID": "331f8d37-4f0a-4e43-9c80-85b756d015f2",
              "isHook": false,
              "skipped": false
            },
            {
              "title": "Test get vehicle type",
              "fullTitle": "Car search test suite Test get vehicle type",
              "timedOut": null,
              "duration": 8800,
              "state": "passed",
              "speed": "medium",
              "pass": true,
              "fail": false,
              "pending": false,
              "context": "\"videos/car-search.spec.js.mp4\"",
              "code": "const objData = {};\nobjData['vehicleType'] = [];\n_carSearch.default.tabCar().click();\n_carSearch.default.lnkAdvOption().click({\n  force: true\n});\n_carSearch.default.ddlVehicleType().find(':selected').should('have.text', 'Car Type');\n_carSearch.default.ddlVehicleType().find('option').should('have.length.gt', 0).each(e => objData['vehicleType'].push(e.text()));\ncy.writeFile('data.json', objData);",
              "err": {},
              "uuid": "1e90f4d7-58e8-406b-b980-3de2801047f6",
              "parentUUID": "331f8d37-4f0a-4e43-9c80-85b756d015f2",
              "isHook": false,
              "skipped": false
            },
            {
              "title": "Test vendor code options",
              "fullTitle": "Car search test suite Test vendor code options",
              "timedOut": null,
              "duration": 8821,
              "state": "passed",
              "speed": "medium",
              "pass": true,
              "fail": false,
              "pending": false,
              "context": "\"videos/car-search.spec.js.mp4\"",
              "code": "const arrRes = [];\n_carSearch.default.ddlVendorCode().find('option').each(e => arrRes.push(e.text()));\ncy.wrap(arrRes).should('deep.equal', _car.default.vendorCode);",
              "err": {},
              "uuid": "7e2ccf1b-4ddb-4ab9-9317-b2e61aef5bbe",
              "parentUUID": "331f8d37-4f0a-4e43-9c80-85b756d015f2",
              "isHook": false,
              "skipped": false
            },
            {
              "title": "Test vehicle type options",
              "fullTitle": "Car search test suite Test vehicle type options",
              "timedOut": null,
              "duration": 7207,
              "state": "passed",
              "speed": "medium",
              "pass": true,
              "fail": false,
              "pending": false,
              "context": "\"videos/car-search.spec.js.mp4\"",
              "code": "const arrRes = [];\n_carSearch.default.ddlVehicleType().find('option').each(e => cy.wrap(e).invoke('text').then(t => arrRes.push(t)));\ncy.wrap(arrRes).should('deep.equal', _car.default.vehicleType);",
              "err": {},
              "uuid": "107a6cef-fba3-4116-bf2a-645009cb5d40",
              "parentUUID": "331f8d37-4f0a-4e43-9c80-85b756d015f2",
              "isHook": false,
              "skipped": false
            }
          ],
          "suites": [],
          "passes": [
            "c11ea85e-823a-41d0-82cd-0ad7a8cc6039",
            "d6fbece3-7a62-40d0-b32f-31b07700d428",
            "6cf97daa-a527-48b4-8a8a-f97ab5669a36",
            "1e90f4d7-58e8-406b-b980-3de2801047f6",
            "7e2ccf1b-4ddb-4ab9-9317-b2e61aef5bbe",
            "107a6cef-fba3-4116-bf2a-645009cb5d40"
          ],
          "failures": [],
          "pending": [],
          "skipped": [],
          "duration": 58521,
          "root": false,
          "rootEmpty": false,
          "_timeout": 2000
        }
      ],
      "passes": [],
      "failures": [],
      "pending": [],
      "skipped": [],
      "duration": 0,
      "root": true,
      "rootEmpty": true,
      "_timeout": 2000
    }
  ],
  "meta": {
    "mocha": {
      "version": "7.0.1"
    },
    "mochawesome": {
      "options": {
        "quiet": false,
        "reportFilename": "mochawesome",
        "saveHtml": false,
        "saveJson": true,
        "consoleReporter": "spec",
        "useInlineDiffs": false,
        "code": true
      },
      "version": "7.1.2"
    },
    "marge": {
      "options": {
        "id": "default",
        "reportDir": "cypress/results/json",
        "overwrite": false,
        "html": false,
        "json": true
      },
      "version": "6.1.1"
    }
  }
}