{
  "stats": {
    "suites": 1,
    "tests": 7,
    "passes": 7,
    "pending": 0,
    "failures": 0,
    "start": "2022-03-09T13:58:06.945Z",
    "end": "2022-03-09T13:59:44.126Z",
    "duration": 97181,
    "testsRegistered": 7,
    "passPercent": 100,
    "pendingPercent": 0,
    "other": 0,
    "hasOther": false,
    "skipped": 0,
    "hasSkipped": false
  },
  "results": [
    {
      "uuid": "f5e5f31b-c4a7-4d2c-a0e6-24f497ee8ce8",
      "title": "",
      "fullFile": "cypress/integration/flights-search.spec.js",
      "file": "cypress/integration/flights-search.spec.js",
      "beforeHooks": [],
      "afterHooks": [],
      "tests": [],
      "suites": [
        {
          "uuid": "800ac8fb-7ea3-4c10-8d91-52ce055752e0",
          "title": "Flights search test suite",
          "fullFile": "",
          "file": "",
          "beforeHooks": [],
          "afterHooks": [],
          "tests": [
            {
              "title": "Test default selected tab",
              "fullTitle": "Flights search test suite Test default selected tab",
              "timedOut": null,
              "duration": 10250,
              "state": "passed",
              "speed": "slow",
              "pass": true,
              "fail": false,
              "pending": false,
              "context": "\"videos/flights-search.spec.js.mp4\"",
              "code": "_flightsSearch.default.lstMenu().filter('.active').should('have.text', 'Flights'); // another way\n// flightSearch.tabFlight().invoke('attr', 'class').should('include', 'active')\n// another way\n// cy.get('.list-one').children().each(e => {\n//     if (e.hasClass('cff-list-tab active')) {\n//         expect(e.text()).to.contain('Flights')\n//     }\n// })",
              "err": {},
              "uuid": "965dd237-9b9e-47f9-adba-764e079cf048",
              "parentUUID": "800ac8fb-7ea3-4c10-8d91-52ce055752e0",
              "isHook": false,
              "skipped": false
            },
            {
              "title": "Test round trip and oneway options",
              "fullTitle": "Flights search test suite Test round trip and oneway options",
              "timedOut": null,
              "duration": 10544,
              "state": "passed",
              "speed": "slow",
              "pass": true,
              "fail": false,
              "pending": false,
              "context": "\"videos/flights-search.spec.js.mp4\"",
              "code": "_flightsSearch.default.rbtnRoundTrip().should('be.checked');\n_flightsSearch.default.rbtnOneWay().should('not.be.checked');\n_flightsSearch.default.lnkAdvSearch().click({\n  force: true\n}); // select one way\n\n_flightsSearch.default.rbtnOneWay().check({\n  force: true\n}).should('be.checked').and('be.enabled');\n_flightsSearch.default.tfReturnDate().should('not.be.visible').and('not.be.enabled');\n_flightsSearch.default.tfReturnFromCity().should('not.be.visible').and('be.enabled');\n_flightsSearch.default.tfReturnToCity().should('not.be.visible').and('be.enabled'); // select round trip\n\n_flightsSearch.default.rbtnRoundTrip().check({\n  force: true\n}).should('be.checked').and('be.enabled');\n_flightsSearch.default.tfReturnDate().should('be.visible').and('be.enabled');\n_flightsSearch.default.tfReturnFromCity().invoke('removeAttr', 'type').should('be.visible').and('be.enabled');\n_flightsSearch.default.tfReturnToCity().invoke('removeAttr', 'type').should('be.visible').and('be.enabled');",
              "err": {},
              "uuid": "17348a92-98b4-4660-a935-ed5dacbe8e1f",
              "parentUUID": "800ac8fb-7ea3-4c10-8d91-52ce055752e0",
              "isHook": false,
              "skipped": false
            },
            {
              "title": "Test unaccompanied minor",
              "fullTitle": "Flights search test suite Test unaccompanied minor",
              "timedOut": null,
              "duration": 12034,
              "state": "passed",
              "speed": "slow",
              "pass": true,
              "fail": false,
              "pending": false,
              "context": "\"videos/flights-search.spec.js.mp4\"",
              "code": "_flightsSearch.default.txtInfo().should('not.exist');\n_flightsSearch.default.lnkInfo().should('be.visible').click({\n  force: true\n});\n_flightsSearch.default.txtInfo().should('exist').and('contain', _flight.default.info).find('button').click();\n_flightsSearch.default.txtInfo().should('not.exist');",
              "err": {},
              "uuid": "6d034efd-dcc7-4e13-b274-1603e554c99d",
              "parentUUID": "800ac8fb-7ea3-4c10-8d91-52ce055752e0",
              "isHook": false,
              "skipped": false
            },
            {
              "title": "Test select passengers",
              "fullTitle": "Flights search test suite Test select passengers",
              "timedOut": null,
              "duration": 12502,
              "state": "passed",
              "speed": "slow",
              "pass": true,
              "fail": false,
              "pending": false,
              "context": "\"videos/flights-search.spec.js.mp4\"",
              "code": "cy.SelectPerson(_flight.default.person);",
              "err": {},
              "uuid": "ac2539e0-0feb-4773-9961-40ba6f76b1b2",
              "parentUUID": "800ac8fb-7ea3-4c10-8d91-52ce055752e0",
              "isHook": false,
              "skipped": false
            },
            {
              "title": "Test origin field",
              "fullTitle": "Flights search test suite Test origin field",
              "timedOut": null,
              "duration": 10191,
              "state": "passed",
              "speed": "slow",
              "pass": true,
              "fail": false,
              "pending": false,
              "context": "\"videos/flights-search.spec.js.mp4\"",
              "code": "_flightsSearch.default.tfFromCity().invoke('attr', 'placeholder', 'From City').should('have.attr', 'placeholder', 'From City').type(_flight.default.origin);\n_flightsSearch.default.menuAutoSuggest().each(e => expect(e.text()).to.contain(_flight.default.origin)).first().as('firstRow').type('{enter}');\n_flightsSearch.default.tfFromCity().invoke('val').then(v => {\n  cy.get('@firstRow').should('contain', v);\n});",
              "err": {},
              "uuid": "677a66cd-f768-44b5-9095-601cee5e9d13",
              "parentUUID": "800ac8fb-7ea3-4c10-8d91-52ce055752e0",
              "isHook": false,
              "skipped": false
            },
            {
              "title": "Test select airlines",
              "fullTitle": "Flights search test suite Test select airlines",
              "timedOut": null,
              "duration": 29579,
              "state": "passed",
              "speed": "slow",
              "pass": true,
              "fail": false,
              "pending": false,
              "context": "\"videos/flights-search.spec.js.mp4\"",
              "code": "_flightsSearch.default.lnkAdvSearch().click({\n  force: true\n});\n_flightsSearch.default.ddlSelectAirline().find('option').invoke('text').as('allOptions');\n_flightsSearch.default.ddlSelectAirline().select(_flight.default.airlines).find('option:selected').invoke('text').then(t => t.trim()).should('eq', _flight.default.airlines); // .then(t => expect(t.trim()).to.eq(data.airlines)) // another way\n\n_flightsSearch.default.ddlSelectAirline().children().invoke('text').then(act => {\n  cy.get('@allOptions').then(exp => expect(act).to.equal(exp));\n});",
              "err": {},
              "uuid": "1de983ec-b36f-4601-a722-cd1b5b9c6d8d",
              "parentUUID": "800ac8fb-7ea3-4c10-8d91-52ce055752e0",
              "isHook": false,
              "skipped": false
            },
            {
              "title": "Test empty text fields",
              "fullTitle": "Flights search test suite Test empty text fields",
              "timedOut": null,
              "duration": 11381,
              "state": "passed",
              "speed": "slow",
              "pass": true,
              "fail": false,
              "pending": false,
              "context": "\"videos/flights-search.spec.js.mp4\"",
              "code": "_flightsSearch.default.btnSearch().click();\n_flightsSearch.default.tfFromCity().should('have.css', 'border', '2px solid rgb(255, 0, 0)');\n_flightsSearch.default.tfToCity().should('have.css', 'border', '2px solid rgb(255, 0, 0)');",
              "err": {},
              "uuid": "c9620c0e-a998-417d-b455-28f610394b5a",
              "parentUUID": "800ac8fb-7ea3-4c10-8d91-52ce055752e0",
              "isHook": false,
              "skipped": false
            }
          ],
          "suites": [],
          "passes": [
            "965dd237-9b9e-47f9-adba-764e079cf048",
            "17348a92-98b4-4660-a935-ed5dacbe8e1f",
            "6d034efd-dcc7-4e13-b274-1603e554c99d",
            "ac2539e0-0feb-4773-9961-40ba6f76b1b2",
            "677a66cd-f768-44b5-9095-601cee5e9d13",
            "1de983ec-b36f-4601-a722-cd1b5b9c6d8d",
            "c9620c0e-a998-417d-b455-28f610394b5a"
          ],
          "failures": [],
          "pending": [],
          "skipped": [],
          "duration": 96481,
          "root": false,
          "rootEmpty": false,
          "_timeout": 2000
        }
      ],
      "passes": [],
      "failures": [],
      "pending": [],
      "skipped": [],
      "duration": 0,
      "root": true,
      "rootEmpty": true,
      "_timeout": 2000
    }
  ],
  "meta": {
    "mocha": {
      "version": "7.0.1"
    },
    "mochawesome": {
      "options": {
        "quiet": false,
        "reportFilename": "mochawesome",
        "saveHtml": false,
        "saveJson": true,
        "consoleReporter": "spec",
        "useInlineDiffs": false,
        "code": true
      },
      "version": "7.1.2"
    },
    "marge": {
      "options": {
        "id": "default",
        "reportDir": "cypress/results/json",
        "overwrite": false,
        "html": false,
        "json": true
      },
      "version": "6.1.1"
    }
  }
}