{
  "stats": {
    "suites": 1,
    "tests": 6,
    "passes": 6,
    "pending": 0,
    "failures": 0,
    "start": "2022-03-09T13:56:38.428Z",
    "end": "2022-03-09T13:57:37.537Z",
    "duration": 59109,
    "testsRegistered": 6,
    "passPercent": 100,
    "pendingPercent": 0,
    "other": 0,
    "hasOther": false,
    "skipped": 0,
    "hasSkipped": false
  },
  "results": [
    {
      "uuid": "919d6faf-35ba-440e-a5eb-d1fa846e81dc",
      "title": "",
      "fullFile": "cypress/integration/car-search.spec.js",
      "file": "cypress/integration/car-search.spec.js",
      "beforeHooks": [],
      "afterHooks": [],
      "tests": [],
      "suites": [
        {
          "uuid": "331f8d37-4f0a-4e43-9c80-85b756d015f2",
          "title": "Car search test suite",
          "fullFile": "",
          "file": "",
          "beforeHooks": [],
          "afterHooks": [],
          "tests": [
            {
              "title": "Test default selected arrival and departure time",
              "fullTitle": "Car search test suite Test default selected arrival and departure time",
              "timedOut": null,
              "duration": 15076,
              "state": "passed",
              "speed": "slow",
              "pass": true,
              "fail": false,
              "pending": false,
              "context": "\"videos/car-search.spec.js.mp4\"",
              "code": "_carSearch.default.ddlPickTime().find('option:selected').invoke('val').should('eq', '10:00');\n_carSearch.default.ddlDropTime().find('option:selected').invoke('val').should('eq', '10:00');",
              "err": {},
              "uuid": "c11ea85e-823a-41d0-82cd-0ad7a8cc6039",
              "parentUUID": "331f8d37-4f0a-4e43-9c80-85b756d015f2",
              "isHook": false,
              "skipped": false
            },
            {
              "title": "Test select driver age",
              "fullTitle": "Car search test suite Test select driver age",
              "timedOut": null,
              "duration": 8881,
              "state": "passed",
              "speed": "medium",
              "pass": true,
              "fail": false,
              "pending": false,
              "context": "\"videos/car-search.spec.js.mp4\"",
              "code": "_carSearch.default.tabCar().click();\n_carSearch.default.ddlDriverAge().as('driverAge').find('option:selected').should('have.text', 'Between 30 - 65?');\n_carSearch.default.ddlDriverAge().select('Below 30').find(':selected').should('have.text', 'Below 30');\n_carSearch.default.txtTooltip() // .as('tooltip')\n.should('have.text', 'Additional Fee may apply for driver under 30 Yrs or above 65 Yrs old, at the time of rental. Please check term and conditions on payment page.').and('not.be.visible').parent().invoke('css', 'display', 'inherit') // .invoke('attr', 'style', 'display:inherit')\n.children('p') // .get('@tooltip')\n.should('be.visible');",
              "err": {},
              "uuid": "d6fbece3-7a62-40d0-b32f-31b07700d428",
              "parentUUID": "331f8d37-4f0a-4e43-9c80-85b756d015f2",
              "isHook": false,
              "skipped": false
            },
            {
              "title": "Test get vendor type",
              "fullTitle": "Car search test suite Test get vendor type",
              "timedOut": null,
              "duration": 9736,
              "state": "passed",
              "speed": "medium",
              "pass": true,
              "fail": false,
              "pending": false,
              "context": "\"videos/car-search.spec.js.mp4\"",
              "code": "const objData = {};\nobjData['vendorCode'] = [];\n_carSearch.default.tabCar().click();\n_carSearch.default.lnkAdvOption().click({\n  force: true\n});\n_carSearch.default.ddlVendorCode().find(':selected').should('have.text', 'Car Company');\n_carSearch.default.ddlVendorCode().find('option').should('have.length.gt', 0).each(e => objData['vendorCode'].push(e.text()));\ncy.writeFile('data.json', objData);",
              "err": {},
              "uuid": "6cf97daa-a527-48b4-8a8a-f97ab5669a36",
              "parentUUID": "331f8d37-4f0a-4e43-9c80-85b756d015f2",
              "isHook": false,
              "skipped": false
            },
            {
              "title": "Test get vehicle type",
              "fullTitle": "Car search test suite Test get vehicle type",
              "timedOut": null,
              "duration": 8800,
              "state": "passed",
              "speed": "medium",
              "pass": true,
              "fail": false,
              "pending": false,
              "context": "\"videos/car-search.spec.js.mp4\"",
              "code": "const objData = {};\nobjData['vehicleType'] = [];\n_carSearch.default.tabCar().click();\n_carSearch.default.lnkAdvOption().click({\n  force: true\n});\n_carSearch.default.ddlVehicleType().find(':selected').should('have.text', 'Car Type');\n_carSearch.default.ddlVehicleType().find('option').should('have.length.gt', 0).each(e => objData['vehicleType'].push(e.text()));\ncy.writeFile('data.json', objData);",
              "err": {},
              "uuid": "1e90f4d7-58e8-406b-b980-3de2801047f6",
              "parentUUID": "331f8d37-4f0a-4e43-9c80-85b756d015f2",
              "isHook": false,
              "skipped": false
            },
            {
              "title": "Test vendor code options",
              "fullTitle": "Car search test suite Test vendor code options",
              "timedOut": null,
              "duration": 8821,
              "state": "passed",
              "speed": "medium",
              "pass": true,
              "fail": false,
              "pending": false,
              "context": "\"videos/car-search.spec.js.mp4\"",
              "code": "const arrRes = [];\n_carSearch.default.ddlVendorCode().find('option').each(e => arrRes.push(e.text()));\ncy.wrap(arrRes).should('deep.equal', _car.default.vendorCode);",
              "err": {},
              "uuid": "7e2ccf1b-4ddb-4ab9-9317-b2e61aef5bbe",
              "parentUUID": "331f8d37-4f0a-4e43-9c80-85b756d015f2",
              "isHook": false,
              "skipped": false
            },
            {
              "title": "Test vehicle type options",
              "fullTitle": "Car search test suite Test vehicle type options",
              "timedOut": null,
              "duration": 7207,
              "state": "passed",
              "speed": "medium",
              "pass": true,
              "fail": false,
              "pending": false,
              "context": "\"videos/car-search.spec.js.mp4\"",
              "code": "const arrRes = [];\n_carSearch.default.ddlVehicleType().find('option').each(e => cy.wrap(e).invoke('text').then(t => arrRes.push(t)));\ncy.wrap(arrRes).should('deep.equal', _car.default.vehicleType);",
              "err": {},
              "uuid": "107a6cef-fba3-4116-bf2a-645009cb5d40",
              "parentUUID": "331f8d37-4f0a-4e43-9c80-85b756d015f2",
              "isHook": false,
              "skipped": false
            }
          ],
          "suites": [],
          "passes": [
            "c11ea85e-823a-41d0-82cd-0ad7a8cc6039",
            "d6fbece3-7a62-40d0-b32f-31b07700d428",
            "6cf97daa-a527-48b4-8a8a-f97ab5669a36",
            "1e90f4d7-58e8-406b-b980-3de2801047f6",
            "7e2ccf1b-4ddb-4ab9-9317-b2e61aef5bbe",
            "107a6cef-fba3-4116-bf2a-645009cb5d40"
          ],
          "failures": [],
          "pending": [],
          "skipped": [],
          "duration": 58521,
          "root": false,
          "rootEmpty": false,
          "_timeout": 2000
        }
      ],
      "passes": [],
      "failures": [],
      "pending": [],
      "skipped": [],
      "duration": 0,
      "root": true,
      "rootEmpty": true,
      "_timeout": 2000
    }
  ],
  "meta": {
    "mocha": {
      "version": "7.0.1"
    },
    "mochawesome": {
      "options": {
        "quiet": false,
        "reportFilename": "mochawesome",
        "saveHtml": false,
        "saveJson": true,
        "consoleReporter": "spec",
        "useInlineDiffs": false,
        "code": true
      },
      "version": "7.1.2"
    },
    "marge": {
      "options": {
        "id": "default",
        "reportDir": "cypress/results/json",
        "overwrite": false,
        "html": false,
        "json": true
      },
      "version": "6.1.1"
    }
  }
}