{
  "stats": {
    "suites": 1,
    "tests": 6,
    "passes": 6,
    "pending": 0,
    "failures": 0,
    "start": "2022-03-09T06:29:11.563Z",
    "end": "2022-03-09T06:30:00.956Z",
    "duration": 49393,
    "testsRegistered": 6,
    "passPercent": 100,
    "pendingPercent": 0,
    "other": 0,
    "hasOther": false,
    "skipped": 0,
    "hasSkipped": false
  },
  "results": [
    {
      "uuid": "d1e14857-9435-4db7-a9de-a5c0bcfdcc9c",
      "title": "",
      "fullFile": "cypress/integration/car-search.spec.js",
      "file": "cypress/integration/car-search.spec.js",
      "beforeHooks": [],
      "afterHooks": [],
      "tests": [],
      "suites": [
        {
          "uuid": "fd33b0fa-17e6-43b7-aeba-9bdac4593110",
          "title": "Car search test suite",
          "fullFile": "",
          "file": "",
          "beforeHooks": [],
          "afterHooks": [],
          "tests": [
            {
              "title": "Test default selected arrival and departure time",
              "fullTitle": "Car search test suite Test default selected arrival and departure time",
              "timedOut": null,
              "duration": 9570,
              "state": "passed",
              "speed": "medium",
              "pass": true,
              "fail": false,
              "pending": false,
              "context": null,
              "code": "_carSearch.default.ddlPickTime().find('option:selected').invoke('val').should('eq', '10:00');\n_carSearch.default.ddlDropTime().find('option:selected').invoke('val').should('eq', '10:00');",
              "err": {},
              "uuid": "02fe3b8e-8233-4afe-92ac-9b4a2396398c",
              "parentUUID": "fd33b0fa-17e6-43b7-aeba-9bdac4593110",
              "isHook": false,
              "skipped": false
            },
            {
              "title": "Test select driver age",
              "fullTitle": "Car search test suite Test select driver age",
              "timedOut": null,
              "duration": 8340,
              "state": "passed",
              "speed": "medium",
              "pass": true,
              "fail": false,
              "pending": false,
              "context": null,
              "code": "_carSearch.default.tabCar().click();\n_carSearch.default.ddlDriverAge().as('driverAge').find('option:selected').should('have.text', 'Between 30 - 65?');\n_carSearch.default.ddlDriverAge().select('Below 30').find(':selected').should('have.text', 'Below 30');\n_carSearch.default.txtTooltip() // .as('tooltip')\n.should('have.text', 'Additional Fee may apply for driver under 30 Yrs or above 65 Yrs old, at the time of rental. Please check term and conditions on payment page.').and('not.be.visible').parent().invoke('css', 'display', 'inherit') // .invoke('attr', 'style', 'display:inherit')\n.children('p') // .get('@tooltip')\n.should('be.visible');",
              "err": {},
              "uuid": "d02a33b6-8b4e-4a9a-8df6-eecb92e31ca5",
              "parentUUID": "fd33b0fa-17e6-43b7-aeba-9bdac4593110",
              "isHook": false,
              "skipped": false
            },
            {
              "title": "Test get vendor type",
              "fullTitle": "Car search test suite Test get vendor type",
              "timedOut": null,
              "duration": 7668,
              "state": "passed",
              "speed": "medium",
              "pass": true,
              "fail": false,
              "pending": false,
              "context": null,
              "code": "const objData = {};\nobjData['vendorCode'] = [];\n_carSearch.default.tabCar().click();\n_carSearch.default.lnkAdvOption().click({\n  force: true\n});\n_carSearch.default.ddlVendorCode().find(':selected').should('have.text', 'Car Company');\n_carSearch.default.ddlVendorCode().find('option').should('have.length.gt', 0).each(e => objData['vendorCode'].push(e.text()));\ncy.writeFile('data.json', objData);",
              "err": {},
              "uuid": "fe18dcae-2208-4d2d-bc7d-9bd450214d3f",
              "parentUUID": "fd33b0fa-17e6-43b7-aeba-9bdac4593110",
              "isHook": false,
              "skipped": false
            },
            {
              "title": "Test get vehicle type",
              "fullTitle": "Car search test suite Test get vehicle type",
              "timedOut": null,
              "duration": 10021,
              "state": "passed",
              "speed": "slow",
              "pass": true,
              "fail": false,
              "pending": false,
              "context": null,
              "code": "const objData = {};\nobjData['vehicleType'] = [];\n_carSearch.default.tabCar().click();\n_carSearch.default.lnkAdvOption().click({\n  force: true\n});\n_carSearch.default.ddlVehicleType().find(':selected').should('have.text', 'Car Type');\n_carSearch.default.ddlVehicleType().find('option').should('have.length.gt', 0).each(e => objData['vehicleType'].push(e.text()));\ncy.writeFile('data.json', objData);",
              "err": {},
              "uuid": "234d9260-9bf2-43c0-ae0e-49dd3d70ee88",
              "parentUUID": "fd33b0fa-17e6-43b7-aeba-9bdac4593110",
              "isHook": false,
              "skipped": false
            },
            {
              "title": "Test vendor code options",
              "fullTitle": "Car search test suite Test vendor code options",
              "timedOut": null,
              "duration": 7799,
              "state": "passed",
              "speed": "medium",
              "pass": true,
              "fail": false,
              "pending": false,
              "context": null,
              "code": "const arrRes = [];\n_carSearch.default.ddlVendorCode().find('option').each(e => arrRes.push(e.text()));\ncy.wrap(arrRes).should('deep.equal', _car.default.vendorCode);",
              "err": {},
              "uuid": "cbeb1bff-a1be-4d1e-8fc4-80bcf03fd8f9",
              "parentUUID": "fd33b0fa-17e6-43b7-aeba-9bdac4593110",
              "isHook": false,
              "skipped": false
            },
            {
              "title": "Test vehicle type options",
              "fullTitle": "Car search test suite Test vehicle type options",
              "timedOut": null,
              "duration": 5671,
              "state": "passed",
              "speed": "medium",
              "pass": true,
              "fail": false,
              "pending": false,
              "context": null,
              "code": "const arrRes = [];\n_carSearch.default.ddlVehicleType().find('option').each(e => cy.wrap(e).invoke('text').then(t => arrRes.push(t)));\ncy.wrap(arrRes).should('deep.equal', _car.default.vehicleType);",
              "err": {},
              "uuid": "acb34fdb-c55f-47ba-904f-5f0bc795b58f",
              "parentUUID": "fd33b0fa-17e6-43b7-aeba-9bdac4593110",
              "isHook": false,
              "skipped": false
            }
          ],
          "suites": [],
          "passes": [
            "02fe3b8e-8233-4afe-92ac-9b4a2396398c",
            "d02a33b6-8b4e-4a9a-8df6-eecb92e31ca5",
            "fe18dcae-2208-4d2d-bc7d-9bd450214d3f",
            "234d9260-9bf2-43c0-ae0e-49dd3d70ee88",
            "cbeb1bff-a1be-4d1e-8fc4-80bcf03fd8f9",
            "acb34fdb-c55f-47ba-904f-5f0bc795b58f"
          ],
          "failures": [],
          "pending": [],
          "skipped": [],
          "duration": 49069,
          "root": false,
          "rootEmpty": false,
          "_timeout": 2000
        }
      ],
      "passes": [],
      "failures": [],
      "pending": [],
      "skipped": [],
      "duration": 0,
      "root": true,
      "rootEmpty": true,
      "_timeout": 2000
    }
  ],
  "meta": {
    "mocha": {
      "version": "7.0.1"
    },
    "mochawesome": {
      "options": {
        "quiet": false,
        "reportFilename": "mochawesome",
        "saveHtml": false,
        "saveJson": true,
        "consoleReporter": "spec",
        "useInlineDiffs": false,
        "code": true
      },
      "version": "7.1.2"
    },
    "marge": {
      "options": {
        "id": "default",
        "reportDir": "cypress/results/mochawesome",
        "quite": true,
        "overwrite": false,
        "html": false,
        "json": true
      },
      "version": "6.1.1"
    }
  }
}