{
  "stats": {
    "suites": 1,
    "tests": 7,
    "passes": 7,
    "pending": 0,
    "failures": 0,
    "start": "2022-03-09T11:31:41.543Z",
    "end": "2022-03-09T11:32:34.470Z",
    "duration": 52927,
    "testsRegistered": 7,
    "passPercent": 100,
    "pendingPercent": 0,
    "other": 0,
    "hasOther": false,
    "skipped": 0,
    "hasSkipped": false
  },
  "results": [
    {
      "uuid": "028b94fe-5db5-41a4-bccc-2e1e6b744f82",
      "title": "",
      "fullFile": "cypress/integration/flights-search.spec.js",
      "file": "cypress/integration/flights-search.spec.js",
      "beforeHooks": [],
      "afterHooks": [],
      "tests": [],
      "suites": [
        {
          "uuid": "de08c9ac-3a9f-44cc-b376-cf3a75f35b59",
          "title": "Flights search test suite",
          "fullFile": "",
          "file": "",
          "beforeHooks": [],
          "afterHooks": [],
          "tests": [
            {
              "title": "Test default selected tab",
              "fullTitle": "Flights search test suite Test default selected tab",
              "timedOut": null,
              "duration": 6771,
              "state": "passed",
              "speed": "medium",
              "pass": true,
              "fail": false,
              "pending": false,
              "context": "\"videos/flights-search.spec.js.mp4\"",
              "code": "_flightsSearch.default.lstMenu().filter('.active').should('have.text', 'Flights'); // another way\n// flightSearch.tabFlight().invoke('attr', 'class').should('include', 'active')\n// another way\n// cy.get('.list-one').children().each(e => {\n//     if (e.hasClass('cff-list-tab active')) {\n//         expect(e.text()).to.contain('Flights')\n//     }\n// })",
              "err": {},
              "uuid": "e127d80c-b003-4149-9a6f-5e09992e658a",
              "parentUUID": "de08c9ac-3a9f-44cc-b376-cf3a75f35b59",
              "isHook": false,
              "skipped": false
            },
            {
              "title": "Test round trip and oneway options",
              "fullTitle": "Flights search test suite Test round trip and oneway options",
              "timedOut": null,
              "duration": 7262,
              "state": "passed",
              "speed": "medium",
              "pass": true,
              "fail": false,
              "pending": false,
              "context": "\"videos/flights-search.spec.js.mp4\"",
              "code": "_flightsSearch.default.rbtnRoundTrip().should('be.checked');\n_flightsSearch.default.rbtnOneWay().should('not.be.checked');\n_flightsSearch.default.lnkAdvSearch().click({\n  force: true\n}); // select one way\n\n_flightsSearch.default.rbtnOneWay().check({\n  force: true\n}).should('be.checked').and('be.enabled');\n_flightsSearch.default.tfReturnDate().should('not.be.visible').and('not.be.enabled');\n_flightsSearch.default.tfReturnFromCity().should('not.be.visible').and('be.enabled');\n_flightsSearch.default.tfReturnToCity().should('not.be.visible').and('be.enabled'); // select round trip\n\n_flightsSearch.default.rbtnRoundTrip().check({\n  force: true\n}).should('be.checked').and('be.enabled');\n_flightsSearch.default.tfReturnDate().should('be.visible').and('be.enabled');\n_flightsSearch.default.tfReturnFromCity().invoke('removeAttr', 'type').should('be.visible').and('be.enabled');\n_flightsSearch.default.tfReturnToCity().invoke('removeAttr', 'type').should('be.visible').and('be.enabled');",
              "err": {},
              "uuid": "9a9efc0c-ad51-4fd8-8920-b9c5e00c6b74",
              "parentUUID": "de08c9ac-3a9f-44cc-b376-cf3a75f35b59",
              "isHook": false,
              "skipped": false
            },
            {
              "title": "Test unaccompanied minor",
              "fullTitle": "Flights search test suite Test unaccompanied minor",
              "timedOut": null,
              "duration": 7576,
              "state": "passed",
              "speed": "medium",
              "pass": true,
              "fail": false,
              "pending": false,
              "context": "\"videos/flights-search.spec.js.mp4\"",
              "code": "_flightsSearch.default.txtInfo().should('not.exist');\n_flightsSearch.default.lnkInfo().should('be.visible').click({\n  force: true\n});\n_flightsSearch.default.txtInfo().should('exist').and('contain', _flight.default.info).find('button').click();\n_flightsSearch.default.txtInfo().should('not.exist');",
              "err": {},
              "uuid": "33e6f4a3-696a-4804-b5ac-b0a243071285",
              "parentUUID": "de08c9ac-3a9f-44cc-b376-cf3a75f35b59",
              "isHook": false,
              "skipped": false
            },
            {
              "title": "Test select passengers",
              "fullTitle": "Flights search test suite Test select passengers",
              "timedOut": null,
              "duration": 7842,
              "state": "passed",
              "speed": "medium",
              "pass": true,
              "fail": false,
              "pending": false,
              "context": "\"videos/flights-search.spec.js.mp4\"",
              "code": "cy.SelectPerson(_flight.default.person);",
              "err": {},
              "uuid": "031662a5-d3c6-4fa4-8cb3-aa1f5db93c8e",
              "parentUUID": "de08c9ac-3a9f-44cc-b376-cf3a75f35b59",
              "isHook": false,
              "skipped": false
            },
            {
              "title": "Test origin field",
              "fullTitle": "Flights search test suite Test origin field",
              "timedOut": null,
              "duration": 7268,
              "state": "passed",
              "speed": "medium",
              "pass": true,
              "fail": false,
              "pending": false,
              "context": "\"videos/flights-search.spec.js.mp4\"",
              "code": "_flightsSearch.default.tfFromCity().invoke('attr', 'placeholder', 'From City').should('have.attr', 'placeholder', 'From City').type(_flight.default.origin);\n_flightsSearch.default.menuAutoSuggest().each(e => expect(e.text()).to.contain(_flight.default.origin)).first().as('firstRow').type('{enter}');\n_flightsSearch.default.tfFromCity().invoke('val').then(v => {\n  cy.get('@firstRow').should('contain', v);\n});",
              "err": {},
              "uuid": "33edde34-6851-4026-8645-2c0e3e842940",
              "parentUUID": "de08c9ac-3a9f-44cc-b376-cf3a75f35b59",
              "isHook": false,
              "skipped": false
            },
            {
              "title": "Test select airlines",
              "fullTitle": "Flights search test suite Test select airlines",
              "timedOut": null,
              "duration": 7785,
              "state": "passed",
              "speed": "medium",
              "pass": true,
              "fail": false,
              "pending": false,
              "context": "\"videos/flights-search.spec.js.mp4\"",
              "code": "_flightsSearch.default.lnkAdvSearch().click({\n  force: true\n});\n_flightsSearch.default.ddlSelectAirline().find('option').invoke('text').as('allOptions');\n_flightsSearch.default.ddlSelectAirline().select(_flight.default.airlines).find('option:selected').invoke('text').then(t => t.trim()).should('eq', _flight.default.airlines); // .then(t => expect(t.trim()).to.eq(data.airlines)) // another way\n\n_flightsSearch.default.ddlSelectAirline().children().invoke('text').then(act => {\n  cy.get('@allOptions').then(exp => expect(act).to.equal(exp));\n});",
              "err": {},
              "uuid": "cbae8562-f96f-4dfc-8605-c7d3b5291557",
              "parentUUID": "de08c9ac-3a9f-44cc-b376-cf3a75f35b59",
              "isHook": false,
              "skipped": false
            },
            {
              "title": "Test empty text fields",
              "fullTitle": "Flights search test suite Test empty text fields",
              "timedOut": null,
              "duration": 8151,
              "state": "passed",
              "speed": "medium",
              "pass": true,
              "fail": false,
              "pending": false,
              "context": "\"videos/flights-search.spec.js.mp4\"",
              "code": "_flightsSearch.default.btnSearch().click();\n_flightsSearch.default.tfFromCity().should('have.css', 'border', '2px solid rgb(255, 0, 0)');\n_flightsSearch.default.tfToCity().should('have.css', 'border', '2px solid rgb(255, 0, 0)');",
              "err": {},
              "uuid": "78d6633b-9d88-4238-be22-a0ae5ef06f53",
              "parentUUID": "de08c9ac-3a9f-44cc-b376-cf3a75f35b59",
              "isHook": false,
              "skipped": false
            }
          ],
          "suites": [],
          "passes": [
            "e127d80c-b003-4149-9a6f-5e09992e658a",
            "9a9efc0c-ad51-4fd8-8920-b9c5e00c6b74",
            "33e6f4a3-696a-4804-b5ac-b0a243071285",
            "031662a5-d3c6-4fa4-8cb3-aa1f5db93c8e",
            "33edde34-6851-4026-8645-2c0e3e842940",
            "cbae8562-f96f-4dfc-8605-c7d3b5291557",
            "78d6633b-9d88-4238-be22-a0ae5ef06f53"
          ],
          "failures": [],
          "pending": [],
          "skipped": [],
          "duration": 52655,
          "root": false,
          "rootEmpty": false,
          "_timeout": 2000
        }
      ],
      "passes": [],
      "failures": [],
      "pending": [],
      "skipped": [],
      "duration": 0,
      "root": true,
      "rootEmpty": true,
      "_timeout": 2000
    }
  ],
  "meta": {
    "mocha": {
      "version": "7.0.1"
    },
    "mochawesome": {
      "options": {
        "quiet": false,
        "reportFilename": "mochawesome",
        "saveHtml": false,
        "saveJson": true,
        "consoleReporter": "spec",
        "useInlineDiffs": false,
        "code": true
      },
      "version": "7.1.2"
    },
    "marge": {
      "options": {
        "id": "default",
        "reportDir": "cypress/results/mochawesome",
        "overwrite": false,
        "html": false,
        "json": true
      },
      "version": "6.1.1"
    }
  }
}