{
  "stats": {
    "suites": 1,
    "tests": 5,
    "passes": 5,
    "pending": 0,
    "failures": 0,
    "start": "2022-03-09T11:16:35.418Z",
    "end": "2022-03-09T11:16:50.329Z",
    "duration": 14911,
    "testsRegistered": 5,
    "passPercent": 100,
    "pendingPercent": 0,
    "other": 0,
    "hasOther": false,
    "skipped": 0,
    "hasSkipped": false
  },
  "results": [
    {
      "uuid": "e2769b10-f2f2-4db0-b9b0-8b1ee3661712",
      "title": "",
      "fullFile": "cypress/integration/hotels-search.spec.js",
      "file": "cypress/integration/hotels-search.spec.js",
      "beforeHooks": [],
      "afterHooks": [],
      "tests": [],
      "suites": [
        {
          "uuid": "49e29a87-3495-4734-8a88-fccf03e4a5c5",
          "title": "Hotels search test suite",
          "fullFile": "",
          "file": "",
          "beforeHooks": [],
          "afterHooks": [],
          "tests": [
            {
              "title": "Test \"Your Destination\" auto-suggest",
              "fullTitle": "Hotels search test suite Test \"Your Destination\" auto-suggest",
              "timedOut": null,
              "duration": 8698,
              "state": "passed",
              "speed": "medium",
              "pass": true,
              "fail": false,
              "pending": false,
              "context": null,
              "code": "_hotelSearch.default.tfStayCity().type(_hotel.default.city);\ncy.document().then(d => {\n  d.querySelectorAll(_hotelSearch.default.lstCities()).forEach(e => expect(e.childNodes.item(1).nodeValue).to.contain(_hotel.default.city));\n});",
              "err": {},
              "uuid": "a387af70-804c-49b5-8e67-f6408bc1c1fa",
              "parentUUID": "49e29a87-3495-4734-8a88-fccf03e4a5c5",
              "isHook": false,
              "skipped": false
            },
            {
              "title": "Test default calendar values",
              "fullTitle": "Hotels search test suite Test default calendar values",
              "timedOut": null,
              "duration": 475,
              "state": "passed",
              "speed": "fast",
              "pass": true,
              "fail": false,
              "pending": false,
              "context": null,
              "code": "var dt = {\n  depart: null,\n  return: null\n};\n_hotelSearch.default.tfDepartDate().invoke('val').then(d => dt.depart = Date.parse(d));\n_hotelSearch.default.tfReturnDate().invoke('val').then(d => dt.return = Date.parse(d));\n_hotelSearch.default.elStartDate().then(e => {\n  cy.wrap(e).find('a').should('have.css', 'background-color', 'rgb(0, 93, 186)').invoke('text').then(day => Date.parse(`${e.attr('data-year')}-${Number(e.attr('data-month')) + 1}-${day}`)).should('eq', dt.depart);\n});\n_hotelSearch.default.elEndDate().then(e => {\n  cy.wrap(e).find('a').should('have.css', 'background-color', 'rgb(0, 93, 186)').invoke('text').then(day => Date.parse(`${e.attr('data-year')}-${Number(e.attr('data-month')) + 1}-${day}`)).should('eq', dt.return);\n});\n_hotelSearch.default.elBetweenDate().each(e => {\n  cy.wrap(e).find('a').should('have.css', 'background-color', 'rgba(0, 0, 0, 0)').invoke('text').then(day => Date.parse(`${e.attr('data-year')}-${Number(e.attr('data-month')) + 1}-${day}`)).should('be.above', dt.depart).and('be.below', dt.return);\n});",
              "err": {},
              "uuid": "a9d0cd7f-21c2-4442-a6ce-485818207934",
              "parentUUID": "49e29a87-3495-4734-8a88-fccf03e4a5c5",
              "isHook": false,
              "skipped": false
            },
            {
              "title": "Test add and remove room",
              "fullTitle": "Hotels search test suite Test add and remove room",
              "timedOut": null,
              "duration": 1016,
              "state": "passed",
              "speed": "fast",
              "pass": true,
              "fail": false,
              "pending": false,
              "context": null,
              "code": "_hotelSearch.default.tfGuestForm().should('have.prop', 'placeholder', '1 Room, 2 Adults, 0 Child').click(); // add room\n\nCypress._.times(4, () => _hotelSearch.default.btnAddRoom().click({\n  force: true\n})); // method 1\n// const arrAdults = []\n// const arrChild = []\n// cy.get(\"[title='Select Adults'] option:selected\").each(e => arrAdults.push(Number(e.text())))\n// cy.wrap(arrAdults).then(v => v.reduce((acc, a) => acc + a), 0).as('totalAdults')\n// cy.get(\"[title='Select Child'] option:selected\").each(e => arrChild.push(Number(e.text())))\n// cy.wrap(arrChild).then(v => lodash.sum(v)).as('totalChildren')\n// method 2\n\n_hotelSearch.default.ddlSelectAdults().find(':selected').then(e => Cypress._.map(e.text(), Number)).then(n => Cypress._.sum(n)).as('totalAdults');\n_hotelSearch.default.ddlSelectChild().find(':selected').then(e => Cypress._.map(e.text(), Number)).then(n => Cypress._.sum(n)).as('totalChildren');\ncy.get('@totalAdults').then(ta => {\n  cy.get('@totalChildren').then(tc => {\n    _hotelSearch.default.tfGuestForm().should('have.value', `5 Rooms,${ta} Adults,${tc} Child`);\n  });\n}); // delete room\nCypress._.times(4, () => _hotelSearch.default.btnRemoveRoom().click({\n  force: true\n}));\n_hotelSearch.default.ddlSelectAdults().find(':selected').then(e => Cypress._.map(e.text(), Number)).then(n => Cypress._.sum(n)).as('totalAdults');\n_hotelSearch.default.ddlSelectChild().find(':selected').then(e => Cypress._.map(e.text(), Number)).then(n => Cypress._.sum(n)).as('totalChildren');\ncy.get('@totalAdults').then(ta => {\n  cy.get('@totalChildren').then(tc => {\n    _hotelSearch.default.tfGuestForm().should('have.value', `1 Room,${ta} Adults,${tc} Child`);\n  });\n});",
              "err": {},
              "uuid": "f5631c1d-9d60-427a-a431-ee481de76a8b",
              "parentUUID": "49e29a87-3495-4734-8a88-fccf03e4a5c5",
              "isHook": false,
              "skipped": false
            },
            {
              "title": "Test select guest",
              "fullTitle": "Hotels search test suite Test select guest",
              "timedOut": null,
              "duration": 3789,
              "state": "passed",
              "speed": "fast",
              "pass": true,
              "fail": false,
              "pending": false,
              "context": null,
              "code": "_hotelSearch.default.tfGuestForm().should('have.prop', 'placeholder', '1 Room, 2 Adults, 0 Child').click();\ncy.setGuest(_hotel.default.id, _hotel.default.room, _hotel.default.adult, _hotel.default.child);",
              "err": {},
              "uuid": "8e101b30-dfb4-4579-b032-b9fc9b708714",
              "parentUUID": "49e29a87-3495-4734-8a88-fccf03e4a5c5",
              "isHook": false,
              "skipped": false
            },
            {
              "title": "Test select star rating",
              "fullTitle": "Hotels search test suite Test select star rating",
              "timedOut": null,
              "duration": 804,
              "state": "passed",
              "speed": "fast",
              "pass": true,
              "fail": false,
              "pending": false,
              "context": null,
              "code": "_hotelSearch.default.lnkAdvOption().click({\n  force: true\n});\n_hotelSearch.default.ddlStarRating().find('option:selected').should('contain.text', 'Star Rating');\n_hotelSearch.default.ddlStarRating().select('Five Star').find('option:selected').invoke('text').then(t => expect(t.trim()).to.eq('Five Star'));",
              "err": {},
              "uuid": "4e6ae5eb-3e55-4f38-9e3c-a1e23923ef7d",
              "parentUUID": "49e29a87-3495-4734-8a88-fccf03e4a5c5",
              "isHook": false,
              "skipped": false
            }
          ],
          "suites": [],
          "passes": [
            "a387af70-804c-49b5-8e67-f6408bc1c1fa",
            "a9d0cd7f-21c2-4442-a6ce-485818207934",
            "f5631c1d-9d60-427a-a431-ee481de76a8b",
            "8e101b30-dfb4-4579-b032-b9fc9b708714",
            "4e6ae5eb-3e55-4f38-9e3c-a1e23923ef7d"
          ],
          "failures": [],
          "pending": [],
          "skipped": [],
          "duration": 14782,
          "root": false,
          "rootEmpty": false,
          "_timeout": 2000
        }
      ],
      "passes": [],
      "failures": [],
      "pending": [],
      "skipped": [],
      "duration": 0,
      "root": true,
      "rootEmpty": true,
      "_timeout": 2000
    }
  ],
  "meta": {
    "mocha": {
      "version": "7.0.1"
    },
    "mochawesome": {
      "options": {
        "quiet": false,
        "reportFilename": "mochawesome",
        "saveHtml": false,
        "saveJson": true,
        "consoleReporter": "spec",
        "useInlineDiffs": false,
        "code": true
      },
      "version": "7.1.2"
    },
    "marge": {
      "options": {
        "id": "default",
        "reportDir": "cypress/results/mochawesome",
        "overwrite": false,
        "html": false,
        "json": true
      },
      "version": "6.1.1"
    }
  }
}