{
  "stats": {
    "suites": 1,
    "tests": 6,
    "passes": 6,
    "pending": 0,
    "failures": 0,
    "start": "2022-03-09T11:30:47.072Z",
    "end": "2022-03-09T11:31:34.351Z",
    "duration": 47279,
    "testsRegistered": 6,
    "passPercent": 100,
    "pendingPercent": 0,
    "other": 0,
    "hasOther": false,
    "skipped": 0,
    "hasSkipped": false
  },
  "results": [
    {
      "uuid": "bee1bfbb-9ba5-4ec9-b805-c7304f3ef109",
      "title": "",
      "fullFile": "cypress/integration/car-search.spec.js",
      "file": "cypress/integration/car-search.spec.js",
      "beforeHooks": [],
      "afterHooks": [],
      "tests": [],
      "suites": [
        {
          "uuid": "41467fb6-04b0-486b-a027-34c3a1cdecb5",
          "title": "Car search test suite",
          "fullFile": "",
          "file": "",
          "beforeHooks": [],
          "afterHooks": [],
          "tests": [
            {
              "title": "Test default selected arrival and departure time",
              "fullTitle": "Car search test suite Test default selected arrival and departure time",
              "timedOut": null,
              "duration": 10680,
              "state": "passed",
              "speed": "slow",
              "pass": true,
              "fail": false,
              "pending": false,
              "context": "\"videos/car-search.spec.js.mp4\"",
              "code": "_carSearch.default.ddlPickTime().find('option:selected').invoke('val').should('eq', '10:00');\n_carSearch.default.ddlDropTime().find('option:selected').invoke('val').should('eq', '10:00');",
              "err": {},
              "uuid": "98f71919-e92c-46ba-968a-252e95dc3b2b",
              "parentUUID": "41467fb6-04b0-486b-a027-34c3a1cdecb5",
              "isHook": false,
              "skipped": false
            },
            {
              "title": "Test select driver age",
              "fullTitle": "Car search test suite Test select driver age",
              "timedOut": null,
              "duration": 6835,
              "state": "passed",
              "speed": "medium",
              "pass": true,
              "fail": false,
              "pending": false,
              "context": "\"videos/car-search.spec.js.mp4\"",
              "code": "_carSearch.default.tabCar().click();\n_carSearch.default.ddlDriverAge().as('driverAge').find('option:selected').should('have.text', 'Between 30 - 65?');\n_carSearch.default.ddlDriverAge().select('Below 30').find(':selected').should('have.text', 'Below 30');\n_carSearch.default.txtTooltip() // .as('tooltip')\n.should('have.text', 'Additional Fee may apply for driver under 30 Yrs or above 65 Yrs old, at the time of rental. Please check term and conditions on payment page.').and('not.be.visible').parent().invoke('css', 'display', 'inherit') // .invoke('attr', 'style', 'display:inherit')\n.children('p') // .get('@tooltip')\n.should('be.visible');",
              "err": {},
              "uuid": "123c99be-e8b2-4773-8c90-a287e4961e0a",
              "parentUUID": "41467fb6-04b0-486b-a027-34c3a1cdecb5",
              "isHook": false,
              "skipped": false
            },
            {
              "title": "Test get vendor type",
              "fullTitle": "Car search test suite Test get vendor type",
              "timedOut": null,
              "duration": 7693,
              "state": "passed",
              "speed": "medium",
              "pass": true,
              "fail": false,
              "pending": false,
              "context": "\"videos/car-search.spec.js.mp4\"",
              "code": "const objData = {};\nobjData['vendorCode'] = [];\n_carSearch.default.tabCar().click();\n_carSearch.default.lnkAdvOption().click({\n  force: true\n});\n_carSearch.default.ddlVendorCode().find(':selected').should('have.text', 'Car Company');\n_carSearch.default.ddlVendorCode().find('option').should('have.length.gt', 0).each(e => objData['vendorCode'].push(e.text()));\ncy.writeFile('data.json', objData);",
              "err": {},
              "uuid": "afec37f0-37b0-43d8-ba54-f3595c0b8c60",
              "parentUUID": "41467fb6-04b0-486b-a027-34c3a1cdecb5",
              "isHook": false,
              "skipped": false
            },
            {
              "title": "Test get vehicle type",
              "fullTitle": "Car search test suite Test get vehicle type",
              "timedOut": null,
              "duration": 7889,
              "state": "passed",
              "speed": "medium",
              "pass": true,
              "fail": false,
              "pending": false,
              "context": "\"videos/car-search.spec.js.mp4\"",
              "code": "const objData = {};\nobjData['vehicleType'] = [];\n_carSearch.default.tabCar().click();\n_carSearch.default.lnkAdvOption().click({\n  force: true\n});\n_carSearch.default.ddlVehicleType().find(':selected').should('have.text', 'Car Type');\n_carSearch.default.ddlVehicleType().find('option').should('have.length.gt', 0).each(e => objData['vehicleType'].push(e.text()));\ncy.writeFile('data.json', objData);",
              "err": {},
              "uuid": "bb81c412-44a8-453b-8a75-4f8a3541c5a5",
              "parentUUID": "41467fb6-04b0-486b-a027-34c3a1cdecb5",
              "isHook": false,
              "skipped": false
            },
            {
              "title": "Test vendor code options",
              "fullTitle": "Car search test suite Test vendor code options",
              "timedOut": null,
              "duration": 7513,
              "state": "passed",
              "speed": "medium",
              "pass": true,
              "fail": false,
              "pending": false,
              "context": "\"videos/car-search.spec.js.mp4\"",
              "code": "const arrRes = [];\n_carSearch.default.ddlVendorCode().find('option').each(e => arrRes.push(e.text()));\ncy.wrap(arrRes).should('deep.equal', _car.default.vendorCode);",
              "err": {},
              "uuid": "65fa6d83-9689-4824-9f07-f04fa3e1369d",
              "parentUUID": "41467fb6-04b0-486b-a027-34c3a1cdecb5",
              "isHook": false,
              "skipped": false
            },
            {
              "title": "Test vehicle type options",
              "fullTitle": "Car search test suite Test vehicle type options",
              "timedOut": null,
              "duration": 6478,
              "state": "passed",
              "speed": "medium",
              "pass": true,
              "fail": false,
              "pending": false,
              "context": "\"videos/car-search.spec.js.mp4\"",
              "code": "const arrRes = [];\n_carSearch.default.ddlVehicleType().find('option').each(e => cy.wrap(e).invoke('text').then(t => arrRes.push(t)));\ncy.wrap(arrRes).should('deep.equal', _car.default.vehicleType);",
              "err": {},
              "uuid": "580098d4-a585-4bc8-a071-4e0c5021e057",
              "parentUUID": "41467fb6-04b0-486b-a027-34c3a1cdecb5",
              "isHook": false,
              "skipped": false
            }
          ],
          "suites": [],
          "passes": [
            "98f71919-e92c-46ba-968a-252e95dc3b2b",
            "123c99be-e8b2-4773-8c90-a287e4961e0a",
            "afec37f0-37b0-43d8-ba54-f3595c0b8c60",
            "bb81c412-44a8-453b-8a75-4f8a3541c5a5",
            "65fa6d83-9689-4824-9f07-f04fa3e1369d",
            "580098d4-a585-4bc8-a071-4e0c5021e057"
          ],
          "failures": [],
          "pending": [],
          "skipped": [],
          "duration": 47088,
          "root": false,
          "rootEmpty": false,
          "_timeout": 2000
        }
      ],
      "passes": [],
      "failures": [],
      "pending": [],
      "skipped": [],
      "duration": 0,
      "root": true,
      "rootEmpty": true,
      "_timeout": 2000
    }
  ],
  "meta": {
    "mocha": {
      "version": "7.0.1"
    },
    "mochawesome": {
      "options": {
        "quiet": false,
        "reportFilename": "mochawesome",
        "saveHtml": false,
        "saveJson": true,
        "consoleReporter": "spec",
        "useInlineDiffs": false,
        "code": true
      },
      "version": "7.1.2"
    },
    "marge": {
      "options": {
        "id": "default",
        "reportDir": "cypress/results/mochawesome",
        "overwrite": false,
        "html": false,
        "json": true
      },
      "version": "6.1.1"
    }
  }
}