{
  "stats": {
    "suites": 1,
    "tests": 5,
    "passes": 5,
    "pending": 0,
    "failures": 0,
    "start": "2022-03-09T06:31:41.817Z",
    "end": "2022-03-09T06:31:59.895Z",
    "duration": 18078,
    "testsRegistered": 5,
    "passPercent": 100,
    "pendingPercent": 0,
    "other": 0,
    "hasOther": false,
    "skipped": 0,
    "hasSkipped": false
  },
  "results": [
    {
      "uuid": "fceaa700-aae0-4256-9a9b-e6bf9c9511d7",
      "title": "",
      "fullFile": "cypress/integration/hotels-search.spec.js",
      "file": "cypress/integration/hotels-search.spec.js",
      "beforeHooks": [],
      "afterHooks": [],
      "tests": [],
      "suites": [
        {
          "uuid": "b5fd59cd-f581-4ab4-b6c6-7cd3eb56104e",
          "title": "Hotels search test suite",
          "fullFile": "",
          "file": "",
          "beforeHooks": [],
          "afterHooks": [],
          "tests": [
            {
              "title": "Test \"Your Destination\" auto-suggest",
              "fullTitle": "Hotels search test suite Test \"Your Destination\" auto-suggest",
              "timedOut": null,
              "duration": 12784,
              "state": "passed",
              "speed": "slow",
              "pass": true,
              "fail": false,
              "pending": false,
              "context": null,
              "code": "_hotelSearch.default.tfStayCity().type(_hotel.default.city);\ncy.document().then(d => {\n  d.querySelectorAll(_hotelSearch.default.lstCities()).forEach(e => expect(e.childNodes.item(1).nodeValue).to.contain(_hotel.default.city));\n});",
              "err": {},
              "uuid": "79759ec0-eb57-4ee7-8a54-c5b4ecb912e0",
              "parentUUID": "b5fd59cd-f581-4ab4-b6c6-7cd3eb56104e",
              "isHook": false,
              "skipped": false
            },
            {
              "title": "Test default calendar values",
              "fullTitle": "Hotels search test suite Test default calendar values",
              "timedOut": null,
              "duration": 722,
              "state": "passed",
              "speed": "fast",
              "pass": true,
              "fail": false,
              "pending": false,
              "context": null,
              "code": "var dt = {\n  depart: null,\n  return: null\n};\n_hotelSearch.default.tfDepartDate().invoke('val').then(d => dt.depart = Date.parse(d));\n_hotelSearch.default.tfReturnDate().invoke('val').then(d => dt.return = Date.parse(d));\n_hotelSearch.default.elStartDate().then(e => {\n  cy.wrap(e).find('a').should('have.css', 'background-color', 'rgb(0, 93, 186)').invoke('text').then(day => Date.parse(`${e.attr('data-year')}-${Number(e.attr('data-month')) + 1}-${day}`)).should('eq', dt.depart);\n});\n_hotelSearch.default.elEndDate().then(e => {\n  cy.wrap(e).find('a').should('have.css', 'background-color', 'rgb(0, 93, 186)').invoke('text').then(day => Date.parse(`${e.attr('data-year')}-${Number(e.attr('data-month')) + 1}-${day}`)).should('eq', dt.return);\n});\n_hotelSearch.default.elBetweenDate().each(e => {\n  cy.wrap(e).find('a').should('have.css', 'background-color', 'rgba(0, 0, 0, 0)').invoke('text').then(day => Date.parse(`${e.attr('data-year')}-${Number(e.attr('data-month')) + 1}-${day}`)).should('be.above', dt.depart).and('be.below', dt.return);\n});",
              "err": {},
              "uuid": "86061662-c255-44c7-ae95-b47d58fe2876",
              "parentUUID": "b5fd59cd-f581-4ab4-b6c6-7cd3eb56104e",
              "isHook": false,
              "skipped": false
            },
            {
              "title": "Test add and remove room",
              "fullTitle": "Hotels search test suite Test add and remove room",
              "timedOut": null,
              "duration": 1287,
              "state": "passed",
              "speed": "fast",
              "pass": true,
              "fail": false,
              "pending": false,
              "context": null,
              "code": "_hotelSearch.default.tfGuestForm().should('have.prop', 'placeholder', '1 Room, 2 Adults, 0 Child').click(); // add room\n\nCypress._.times(4, () => _hotelSearch.default.btnAddRoom().click({\n  force: true\n})); // method 1\n// const arrAdults = []\n// const arrChild = []\n// cy.get(\"[title='Select Adults'] option:selected\").each(e => arrAdults.push(Number(e.text())))\n// cy.wrap(arrAdults).then(v => v.reduce((acc, a) => acc + a), 0).as('totalAdults')\n// cy.get(\"[title='Select Child'] option:selected\").each(e => arrChild.push(Number(e.text())))\n// cy.wrap(arrChild).then(v => lodash.sum(v)).as('totalChildren')\n// method 2\n\n_hotelSearch.default.ddlSelectAdults().find(':selected').then(e => Cypress._.map(e.text(), Number)).then(n => Cypress._.sum(n)).as('totalAdults');\n_hotelSearch.default.ddlSelectChild().find(':selected').then(e => Cypress._.map(e.text(), Number)).then(n => Cypress._.sum(n)).as('totalChildren');\ncy.get('@totalAdults').then(ta => {\n  cy.get('@totalChildren').then(tc => {\n    _hotelSearch.default.tfGuestForm().should('have.value', `5 Rooms,${ta} Adults,${tc} Child`);\n  });\n}); // delete room\nCypress._.times(4, () => _hotelSearch.default.btnRemoveRoom().click({\n  force: true\n}));\n_hotelSearch.default.ddlSelectAdults().find(':selected').then(e => Cypress._.map(e.text(), Number)).then(n => Cypress._.sum(n)).as('totalAdults');\n_hotelSearch.default.ddlSelectChild().find(':selected').then(e => Cypress._.map(e.text(), Number)).then(n => Cypress._.sum(n)).as('totalChildren');\ncy.get('@totalAdults').then(ta => {\n  cy.get('@totalChildren').then(tc => {\n    _hotelSearch.default.tfGuestForm().should('have.value', `1 Room,${ta} Adults,${tc} Child`);\n  });\n});",
              "err": {},
              "uuid": "1a454b97-c4e2-43ac-92a9-e64853dee3ad",
              "parentUUID": "b5fd59cd-f581-4ab4-b6c6-7cd3eb56104e",
              "isHook": false,
              "skipped": false
            },
            {
              "title": "Test select guest",
              "fullTitle": "Hotels search test suite Test select guest",
              "timedOut": null,
              "duration": 2513,
              "state": "passed",
              "speed": "fast",
              "pass": true,
              "fail": false,
              "pending": false,
              "context": null,
              "code": "_hotelSearch.default.tfGuestForm().should('have.prop', 'placeholder', '1 Room, 2 Adults, 0 Child').click();\ncy.setGuest(_hotel.default.id, _hotel.default.room, _hotel.default.adult, _hotel.default.child);",
              "err": {},
              "uuid": "006bad76-01cc-401e-a359-8f55c3dadc29",
              "parentUUID": "b5fd59cd-f581-4ab4-b6c6-7cd3eb56104e",
              "isHook": false,
              "skipped": false
            },
            {
              "title": "Test select star rating",
              "fullTitle": "Hotels search test suite Test select star rating",
              "timedOut": null,
              "duration": 691,
              "state": "passed",
              "speed": "fast",
              "pass": true,
              "fail": false,
              "pending": false,
              "context": null,
              "code": "_hotelSearch.default.lnkAdvOption().click({\n  force: true\n});\n_hotelSearch.default.ddlStarRating().find('option:selected').should('contain.text', 'Star Rating');\n_hotelSearch.default.ddlStarRating().select('Five Star').find('option:selected').invoke('text').then(t => expect(t.trim()).to.eq('Five Star'));",
              "err": {},
              "uuid": "8a516c7d-2e61-44b7-aa90-e91c8a2d31d7",
              "parentUUID": "b5fd59cd-f581-4ab4-b6c6-7cd3eb56104e",
              "isHook": false,
              "skipped": false
            }
          ],
          "suites": [],
          "passes": [
            "79759ec0-eb57-4ee7-8a54-c5b4ecb912e0",
            "86061662-c255-44c7-ae95-b47d58fe2876",
            "1a454b97-c4e2-43ac-92a9-e64853dee3ad",
            "006bad76-01cc-401e-a359-8f55c3dadc29",
            "8a516c7d-2e61-44b7-aa90-e91c8a2d31d7"
          ],
          "failures": [],
          "pending": [],
          "skipped": [],
          "duration": 17997,
          "root": false,
          "rootEmpty": false,
          "_timeout": 2000
        }
      ],
      "passes": [],
      "failures": [],
      "pending": [],
      "skipped": [],
      "duration": 0,
      "root": true,
      "rootEmpty": true,
      "_timeout": 2000
    }
  ],
  "meta": {
    "mocha": {
      "version": "7.0.1"
    },
    "mochawesome": {
      "options": {
        "quiet": false,
        "reportFilename": "mochawesome",
        "saveHtml": false,
        "saveJson": true,
        "consoleReporter": "spec",
        "useInlineDiffs": false,
        "code": true
      },
      "version": "7.1.2"
    },
    "marge": {
      "options": {
        "id": "default",
        "reportDir": "cypress/results/mochawesome",
        "quite": true,
        "overwrite": false,
        "html": false,
        "json": true
      },
      "version": "6.1.1"
    }
  }
}